[INFO] - 2021-07-25 13:15:59,628 - root - : Hi, This is root. in /users/jay/Lab2/sig_detect_v3/utils/config.py:101
[INFO] - 2021-07-25 13:15:59,628 - root - : After the configurations are successfully processed and dirs are created. in /users/jay/Lab2/sig_detect_v3/utils/config.py:102
[INFO] - 2021-07-25 13:15:59,628 - root - : The pipeline of the project will begin now. in /users/jay/Lab2/sig_detect_v3/utils/config.py:103
[INFO] - 2021-07-25 13:16:03,300 - Array_DataLoader - : Loading DATA..... in /users/jay/Lab2/sig_detect_v3/datasets/auto_covariances.py:63
[INFO] - 2021-07-25 13:16:03,303 - Agent - : Operation will be on *****GPU-CUDA*****  in /users/jay/Lab2/sig_detect_v3/agents/OneDCNN.py:77
[INFO] - 2021-07-25 13:16:04,848 - Agent - : Loading checkpoint 'experiments/exp_12/checkpoints/checkpoint.pth.tar' in /users/jay/Lab2/sig_detect_v3/agents/OneDCNN.py:114
[INFO] - 2021-07-25 13:16:04,849 - Agent - : No checkpoint exists from 'experiments/exp_12/checkpoints/'. Skipping... in /users/jay/Lab2/sig_detect_v3/agents/OneDCNN.py:125
[INFO] - 2021-07-25 13:16:04,849 - Agent - : **First time to train** in /users/jay/Lab2/sig_detect_v3/agents/OneDCNN.py:126
[INFO] - 2021-07-25 13:16:35,373 - Agent - : Training at epoch-0 | loss: 1.2284570196544184- Training Acc: 58.495555555555555 in /users/jay/Lab2/sig_detect_v3/agents/OneDCNN.py:218
[INFO] - 2021-07-25 13:19:06,876 - Agent - : Validation results at epoch-0 | loss: 1.005758646187509- Accuracy: 58.36 in /users/jay/Lab2/sig_detect_v3/agents/OneDCNN.py:260
[INFO] - 2021-07-25 13:19:33,677 - Agent - : Training at epoch-1 | loss: 0.9418926018726428- Training Acc: 64.18555555555555 in /users/jay/Lab2/sig_detect_v3/agents/OneDCNN.py:218
[INFO] - 2021-07-25 13:22:05,614 - Agent - : Validation results at epoch-1 | loss: 0.8800783476252465- Accuracy: 63.72 in /users/jay/Lab2/sig_detect_v3/agents/OneDCNN.py:260
[INFO] - 2021-07-25 13:22:32,400 - Agent - : Training at epoch-2 | loss: 0.8565765138458681- Training Acc: 66.36555555555556 in /users/jay/Lab2/sig_detect_v3/agents/OneDCNN.py:218
[INFO] - 2021-07-25 13:25:04,196 - Agent - : Validation results at epoch-2 | loss: 0.8090913982907678- Accuracy: 66.07 in /users/jay/Lab2/sig_detect_v3/agents/OneDCNN.py:260
[INFO] - 2021-07-25 13:25:30,986 - Agent - : Training at epoch-3 | loss: 0.7932262829880217- Training Acc: 69.30888888888889 in /users/jay/Lab2/sig_detect_v3/agents/OneDCNN.py:218
[INFO] - 2021-07-25 13:28:02,578 - Agent - : Validation results at epoch-3 | loss: 0.747027033073887- Accuracy: 68.71000000000001 in /users/jay/Lab2/sig_detect_v3/agents/OneDCNN.py:260
[INFO] - 2021-07-25 13:28:29,054 - Agent - : Training at epoch-4 | loss: 0.74170502217509- Training Acc: 71.0988888888889 in /users/jay/Lab2/sig_detect_v3/agents/OneDCNN.py:218
[INFO] - 2021-07-25 13:30:58,482 - Agent - : Validation results at epoch-4 | loss: 0.6971730768300926- Accuracy: 70.17999999999999 in /users/jay/Lab2/sig_detect_v3/agents/OneDCNN.py:260
[INFO] - 2021-07-25 13:31:24,984 - Agent - : Training at epoch-5 | loss: 0.6979293841458248- Training Acc: 72.13111111111111 in /users/jay/Lab2/sig_detect_v3/agents/OneDCNN.py:218
[INFO] - 2021-07-25 13:33:54,355 - Agent - : Validation results at epoch-5 | loss: 0.6598324361880115- Accuracy: 71.28 in /users/jay/Lab2/sig_detect_v3/agents/OneDCNN.py:260
[INFO] - 2021-07-25 13:34:20,844 - Agent - : Training at epoch-6 | loss: 0.6604307339432058- Training Acc: 72.80555555555556 in /users/jay/Lab2/sig_detect_v3/agents/OneDCNN.py:218
[INFO] - 2021-07-25 13:36:49,481 - Agent - : Validation results at epoch-6 | loss: 0.6309012252434044- Accuracy: 71.52 in /users/jay/Lab2/sig_detect_v3/agents/OneDCNN.py:260
[INFO] - 2021-07-25 13:37:15,841 - Agent - : Training at epoch-7 | loss: 0.6293538144148235- Training Acc: 73.91333333333333 in /users/jay/Lab2/sig_detect_v3/agents/OneDCNN.py:218
[INFO] - 2021-07-25 13:39:44,110 - Agent - : Validation results at epoch-7 | loss: 0.6110915355621629- Accuracy: 73.38 in /users/jay/Lab2/sig_detect_v3/agents/OneDCNN.py:260
[INFO] - 2021-07-25 13:40:10,486 - Agent - : Training at epoch-8 | loss: 0.6051261897153183- Training Acc: 74.4011111111111 in /users/jay/Lab2/sig_detect_v3/agents/OneDCNN.py:218
[INFO] - 2021-07-25 13:42:40,767 - Agent - : Validation results at epoch-8 | loss: 0.5847051386620589- Accuracy: 73.31 in /users/jay/Lab2/sig_detect_v3/agents/OneDCNN.py:260
[INFO] - 2021-07-25 13:43:07,133 - Agent - : Training at epoch-9 | loss: 0.5834704486079986- Training Acc: 74.78444444444445 in /users/jay/Lab2/sig_detect_v3/agents/OneDCNN.py:218
[INFO] - 2021-07-25 13:45:35,423 - Agent - : Validation results at epoch-9 | loss: 0.5571009996969989- Accuracy: 73.76 in /users/jay/Lab2/sig_detect_v3/agents/OneDCNN.py:260
[INFO] - 2021-07-25 13:46:01,797 - Agent - : Training at epoch-10 | loss: 0.5667734901872864- Training Acc: 75.33222222222223 in /users/jay/Lab2/sig_detect_v3/agents/OneDCNN.py:218
[INFO] - 2021-07-25 13:48:30,113 - Agent - : Validation results at epoch-10 | loss: 0.5416065818944554- Accuracy: 74.33 in /users/jay/Lab2/sig_detect_v3/agents/OneDCNN.py:260
[INFO] - 2021-07-25 13:48:56,495 - Agent - : Training at epoch-11 | loss: 0.5512598860153681- Training Acc: 75.98777777777778 in /users/jay/Lab2/sig_detect_v3/agents/OneDCNN.py:218
[INFO] - 2021-07-25 13:51:24,775 - Agent - : Validation results at epoch-11 | loss: 0.5291769398245841- Accuracy: 74.62 in /users/jay/Lab2/sig_detect_v3/agents/OneDCNN.py:260
[INFO] - 2021-07-25 13:51:51,147 - Agent - : Training at epoch-12 | loss: 0.5387500478980722- Training Acc: 77.01666666666667 in /users/jay/Lab2/sig_detect_v3/agents/OneDCNN.py:218
[INFO] - 2021-07-25 13:54:19,461 - Agent - : Validation results at epoch-12 | loss: 0.5297265219840275- Accuracy: 75.72 in /users/jay/Lab2/sig_detect_v3/agents/OneDCNN.py:260
[INFO] - 2021-07-25 13:54:45,827 - Agent - : Training at epoch-13 | loss: 0.5279564338536998- Training Acc: 77.07666666666667 in /users/jay/Lab2/sig_detect_v3/agents/OneDCNN.py:218
[INFO] - 2021-07-25 13:57:14,162 - Agent - : Validation results at epoch-13 | loss: 0.5336636796498754- Accuracy: 76.05 in /users/jay/Lab2/sig_detect_v3/agents/OneDCNN.py:260
[INFO] - 2021-07-25 13:57:40,535 - Agent - : Training at epoch-14 | loss: 0.5145153103140795- Training Acc: 77.14222222222222 in /users/jay/Lab2/sig_detect_v3/agents/OneDCNN.py:218
[INFO] - 2021-07-25 14:00:08,804 - Agent - : Validation results at epoch-14 | loss: 0.49576297117646334- Accuracy: 75.59 in /users/jay/Lab2/sig_detect_v3/agents/OneDCNN.py:260
[INFO] - 2021-07-25 14:00:35,174 - Agent - : Training at epoch-15 | loss: 0.5052573358072147- Training Acc: 77.42888888888889 in /users/jay/Lab2/sig_detect_v3/agents/OneDCNN.py:218
[INFO] - 2021-07-25 14:03:03,513 - Agent - : Validation results at epoch-15 | loss: 0.4948909941372598- Accuracy: 76.03 in /users/jay/Lab2/sig_detect_v3/agents/OneDCNN.py:260
[INFO] - 2021-07-25 14:03:29,894 - Agent - : Training at epoch-16 | loss: 0.4976549390875539- Training Acc: 77.82444444444444 in /users/jay/Lab2/sig_detect_v3/agents/OneDCNN.py:218
[INFO] - 2021-07-25 14:05:58,175 - Agent - : Validation results at epoch-16 | loss: 0.5378179779857587- Accuracy: 77.14 in /users/jay/Lab2/sig_detect_v3/agents/OneDCNN.py:260
[INFO] - 2021-07-25 14:06:24,551 - Agent - : Training at epoch-17 | loss: 0.4879796381698234- Training Acc: 78.76444444444445 in /users/jay/Lab2/sig_detect_v3/agents/OneDCNN.py:218
[INFO] - 2021-07-25 14:08:52,936 - Agent - : Validation results at epoch-17 | loss: 0.4978723592439275- Accuracy: 77.66 in /users/jay/Lab2/sig_detect_v3/agents/OneDCNN.py:260
[INFO] - 2021-07-25 14:09:19,425 - Agent - : Training at epoch-18 | loss: 0.4792542767041782- Training Acc: 78.97999999999999 in /users/jay/Lab2/sig_detect_v3/agents/OneDCNN.py:218
[INFO] - 2021-07-25 14:11:47,673 - Agent - : Validation results at epoch-18 | loss: 0.47204929533278106- Accuracy: 77.06 in /users/jay/Lab2/sig_detect_v3/agents/OneDCNN.py:260
[INFO] - 2021-07-25 14:12:14,165 - Agent - : Training at epoch-19 | loss: 0.4726819780038957- Training Acc: 79.39333333333335 in /users/jay/Lab2/sig_detect_v3/agents/OneDCNN.py:218
[INFO] - 2021-07-25 14:14:42,632 - Agent - : Validation results at epoch-19 | loss: 0.4673781063716123- Accuracy: 77.39 in /users/jay/Lab2/sig_detect_v3/agents/OneDCNN.py:260
[INFO] - 2021-07-25 14:15:09,033 - Agent - : Training at epoch-20 | loss: 0.46432793239964265- Training Acc: 79.84222222222222 in /users/jay/Lab2/sig_detect_v3/agents/OneDCNN.py:218
[INFO] - 2021-07-25 14:17:37,259 - Agent - : Validation results at epoch-20 | loss: 0.45525615078628445- Accuracy: 77.77 in /users/jay/Lab2/sig_detect_v3/agents/OneDCNN.py:260
[INFO] - 2021-07-25 14:18:03,642 - Agent - : Training at epoch-21 | loss: 0.45731754284338827- Training Acc: 79.32555555555555 in /users/jay/Lab2/sig_detect_v3/agents/OneDCNN.py:218
[INFO] - 2021-07-25 14:20:31,918 - Agent - : Validation results at epoch-21 | loss: 0.44587839029397175- Accuracy: 77.56 in /users/jay/Lab2/sig_detect_v3/agents/OneDCNN.py:260
[INFO] - 2021-07-25 14:20:58,321 - Agent - : Training at epoch-22 | loss: 0.4495421977397306- Training Acc: 80.70444444444445 in /users/jay/Lab2/sig_detect_v3/agents/OneDCNN.py:218
[INFO] - 2021-07-25 14:23:26,661 - Agent - : Validation results at epoch-22 | loss: 0.4455114910557012- Accuracy: 78.74 in /users/jay/Lab2/sig_detect_v3/agents/OneDCNN.py:260
[INFO] - 2021-07-25 14:23:53,046 - Agent - : Training at epoch-23 | loss: 0.44041667794960987- Training Acc: 80.72111111111111 in /users/jay/Lab2/sig_detect_v3/agents/OneDCNN.py:218
[INFO] - 2021-07-25 14:26:21,350 - Agent - : Validation results at epoch-23 | loss: 0.4689401205937574- Accuracy: 78.95 in /users/jay/Lab2/sig_detect_v3/agents/OneDCNN.py:260
[INFO] - 2021-07-25 14:26:47,730 - Agent - : Training at epoch-24 | loss: 0.43511594265339304- Training Acc: 81.08 in /users/jay/Lab2/sig_detect_v3/agents/OneDCNN.py:218
[INFO] - 2021-07-25 14:29:16,097 - Agent - : Validation results at epoch-24 | loss: 0.4611299529576757- Accuracy: 79.42 in /users/jay/Lab2/sig_detect_v3/agents/OneDCNN.py:260
[INFO] - 2021-07-25 14:29:42,480 - Agent - : Training at epoch-25 | loss: 0.4272977580775076- Training Acc: 81.99111111111111 in /users/jay/Lab2/sig_detect_v3/agents/OneDCNN.py:218
[INFO] - 2021-07-25 14:32:10,807 - Agent - : Validation results at epoch-25 | loss: 0.419912365021979- Accuracy: 79.79 in /users/jay/Lab2/sig_detect_v3/agents/OneDCNN.py:260
[INFO] - 2021-07-25 14:32:37,225 - Agent - : Training at epoch-26 | loss: 0.4228584693841419- Training Acc: 82.06555555555556 in /users/jay/Lab2/sig_detect_v3/agents/OneDCNN.py:218
[INFO] - 2021-07-25 14:35:05,598 - Agent - : Validation results at epoch-26 | loss: 0.4109800475038541- Accuracy: 79.80000000000001 in /users/jay/Lab2/sig_detect_v3/agents/OneDCNN.py:260
[INFO] - 2021-07-25 14:35:31,987 - Agent - : Training at epoch-27 | loss: 0.4153449233110356- Training Acc: 82.50888888888889 in /users/jay/Lab2/sig_detect_v3/agents/OneDCNN.py:218
[INFO] - 2021-07-25 14:38:00,247 - Agent - : Validation results at epoch-27 | loss: 0.408077294469639- Accuracy: 79.97999999999999 in /users/jay/Lab2/sig_detect_v3/agents/OneDCNN.py:260
[INFO] - 2021-07-25 14:38:26,631 - Agent - : Training at epoch-28 | loss: 0.40772492869068055- Training Acc: 82.55888888888889 in /users/jay/Lab2/sig_detect_v3/agents/OneDCNN.py:218
[INFO] - 2021-07-25 14:40:54,938 - Agent - : Validation results at epoch-28 | loss: 0.4049179195218785- Accuracy: 79.92 in /users/jay/Lab2/sig_detect_v3/agents/OneDCNN.py:260
[INFO] - 2021-07-25 14:41:21,336 - Agent - : Training at epoch-29 | loss: 0.4038935028223086- Training Acc: 83.76777777777778 in /users/jay/Lab2/sig_detect_v3/agents/OneDCNN.py:218
[INFO] - 2021-07-25 14:43:49,669 - Agent - : Validation results at epoch-29 | loss: 0.40496873798643707- Accuracy: 81.47 in /users/jay/Lab2/sig_detect_v3/agents/OneDCNN.py:260
[INFO] - 2021-07-25 14:44:16,061 - Agent - : Training at epoch-30 | loss: 0.3983662367587235- Training Acc: 81.59777777777778 in /users/jay/Lab2/sig_detect_v3/agents/OneDCNN.py:218
[INFO] - 2021-07-25 14:46:44,332 - Agent - : Validation results at epoch-30 | loss: 0.4123612768520975- Accuracy: 78.93 in /users/jay/Lab2/sig_detect_v3/agents/OneDCNN.py:260
[INFO] - 2021-07-25 14:47:10,719 - Agent - : Training at epoch-31 | loss: 0.3905966595800192- Training Acc: 84.44444444444444 in /users/jay/Lab2/sig_detect_v3/agents/OneDCNN.py:218
[INFO] - 2021-07-25 14:49:39,120 - Agent - : Validation results at epoch-31 | loss: 0.3858611570422057- Accuracy: 81.96 in /users/jay/Lab2/sig_detect_v3/agents/OneDCNN.py:260
[INFO] - 2021-07-25 14:50:05,505 - Agent - : Training at epoch-32 | loss: 0.3862243295880862- Training Acc: 84.71 in /users/jay/Lab2/sig_detect_v3/agents/OneDCNN.py:218
[INFO] - 2021-07-25 14:52:33,780 - Agent - : Validation results at epoch-32 | loss: 0.3873196603006618- Accuracy: 82.06 in /users/jay/Lab2/sig_detect_v3/agents/OneDCNN.py:260
[INFO] - 2021-07-25 14:53:00,183 - Agent - : Training at epoch-33 | loss: 0.3785557497051818- Training Acc: 85.46111111111111 in /users/jay/Lab2/sig_detect_v3/agents/OneDCNN.py:218
[INFO] - 2021-07-25 14:55:28,490 - Agent - : Validation results at epoch-33 | loss: 0.37480097430147186- Accuracy: 82.94 in /users/jay/Lab2/sig_detect_v3/agents/OneDCNN.py:260
[INFO] - 2021-07-25 14:55:54,982 - Agent - : Training at epoch-34 | loss: 0.3745585055366508- Training Acc: 82.85 in /users/jay/Lab2/sig_detect_v3/agents/OneDCNN.py:218
[INFO] - 2021-07-25 14:58:23,254 - Agent - : Validation results at epoch-34 | loss: 0.38654054663363535- Accuracy: 79.97999999999999 in /users/jay/Lab2/sig_detect_v3/agents/OneDCNN.py:260
[INFO] - 2021-07-25 14:58:49,651 - Agent - : Training at epoch-35 | loss: 0.3695226572745221- Training Acc: 85.48 in /users/jay/Lab2/sig_detect_v3/agents/OneDCNN.py:218
[INFO] - 2021-07-25 15:01:17,868 - Agent - : Validation results at epoch-35 | loss: 0.374034442434645- Accuracy: 82.78 in /users/jay/Lab2/sig_detect_v3/agents/OneDCNN.py:260
[INFO] - 2021-07-25 15:01:44,270 - Agent - : Training at epoch-36 | loss: 0.36307002934438587- Training Acc: 86.78222222222223 in /users/jay/Lab2/sig_detect_v3/agents/OneDCNN.py:218
[INFO] - 2021-07-25 15:04:12,633 - Agent - : Validation results at epoch-36 | loss: 0.36141066357588314- Accuracy: 83.89999999999999 in /users/jay/Lab2/sig_detect_v3/agents/OneDCNN.py:260
[INFO] - 2021-07-25 15:04:39,027 - Agent - : Training at epoch-37 | loss: 0.3572319211926796- Training Acc: 86.42999999999999 in /users/jay/Lab2/sig_detect_v3/agents/OneDCNN.py:218
[INFO] - 2021-07-25 15:07:07,315 - Agent - : Validation results at epoch-37 | loss: 0.37390533716055996- Accuracy: 83.69 in /users/jay/Lab2/sig_detect_v3/agents/OneDCNN.py:260
[INFO] - 2021-07-25 15:07:33,722 - Agent - : Training at epoch-38 | loss: 0.3539036785721694- Training Acc: 85.99888888888889 in /users/jay/Lab2/sig_detect_v3/agents/OneDCNN.py:218
[INFO] - 2021-07-25 15:10:02,031 - Agent - : Validation results at epoch-38 | loss: 0.3546357954953127- Accuracy: 82.80999999999999 in /users/jay/Lab2/sig_detect_v3/agents/OneDCNN.py:260
[INFO] - 2021-07-25 15:10:28,444 - Agent - : Training at epoch-39 | loss: 0.3490190259005554- Training Acc: 87.19555555555556 in /users/jay/Lab2/sig_detect_v3/agents/OneDCNN.py:218
[INFO] - 2021-07-25 15:12:56,794 - Agent - : Validation results at epoch-39 | loss: 0.34765399584344997- Accuracy: 84.21 in /users/jay/Lab2/sig_detect_v3/agents/OneDCNN.py:260
[INFO] - 2021-07-25 15:13:23,196 - Agent - : Training at epoch-40 | loss: 0.3436812296054341- Training Acc: 87.13777777777779 in /users/jay/Lab2/sig_detect_v3/agents/OneDCNN.py:218
[INFO] - 2021-07-25 15:15:51,518 - Agent - : Validation results at epoch-40 | loss: 0.34457691127707246- Accuracy: 84.0 in /users/jay/Lab2/sig_detect_v3/agents/OneDCNN.py:260
[INFO] - 2021-07-25 15:16:17,911 - Agent - : Training at epoch-41 | loss: 0.34017123374095093- Training Acc: 87.56666666666668 in /users/jay/Lab2/sig_detect_v3/agents/OneDCNN.py:218
[INFO] - 2021-07-25 15:18:46,223 - Agent - : Validation results at epoch-41 | loss: 0.33885367091294305- Accuracy: 84.26 in /users/jay/Lab2/sig_detect_v3/agents/OneDCNN.py:260
[INFO] - 2021-07-25 15:19:12,631 - Agent - : Training at epoch-42 | loss: 0.3368361278277555- Training Acc: 87.86222222222221 in /users/jay/Lab2/sig_detect_v3/agents/OneDCNN.py:218
[INFO] - 2021-07-25 15:21:40,920 - Agent - : Validation results at epoch-42 | loss: 0.3387206976960419- Accuracy: 84.82 in /users/jay/Lab2/sig_detect_v3/agents/OneDCNN.py:260
[INFO] - 2021-07-25 15:22:07,321 - Agent - : Training at epoch-43 | loss: 0.32983813074224794- Training Acc: 86.8711111111111 in /users/jay/Lab2/sig_detect_v3/agents/OneDCNN.py:218
[INFO] - 2021-07-25 15:24:35,625 - Agent - : Validation results at epoch-43 | loss: 0.3630549083849427- Accuracy: 83.96000000000001 in /users/jay/Lab2/sig_detect_v3/agents/OneDCNN.py:260
[INFO] - 2021-07-25 15:25:02,026 - Agent - : Training at epoch-44 | loss: 0.3262767882086999- Training Acc: 88.36666666666667 in /users/jay/Lab2/sig_detect_v3/agents/OneDCNN.py:218
[INFO] - 2021-07-25 15:27:30,359 - Agent - : Validation results at epoch-44 | loss: 0.3359750980974003- Accuracy: 85.04 in /users/jay/Lab2/sig_detect_v3/agents/OneDCNN.py:260
[INFO] - 2021-07-25 15:27:56,766 - Agent - : Training at epoch-45 | loss: 0.3244310231732407- Training Acc: 88.79 in /users/jay/Lab2/sig_detect_v3/agents/OneDCNN.py:218
[INFO] - 2021-07-25 15:30:25,091 - Agent - : Validation results at epoch-45 | loss: 0.32762277885607094- Accuracy: 85.48 in /users/jay/Lab2/sig_detect_v3/agents/OneDCNN.py:260
[INFO] - 2021-07-25 15:30:51,504 - Agent - : Training at epoch-46 | loss: 0.3225413022540356- Training Acc: 88.43888888888888 in /users/jay/Lab2/sig_detect_v3/agents/OneDCNN.py:218
[INFO] - 2021-07-25 15:33:19,772 - Agent - : Validation results at epoch-46 | loss: 0.322784367640307- Accuracy: 85.21 in /users/jay/Lab2/sig_detect_v3/agents/OneDCNN.py:260
[INFO] - 2021-07-25 15:33:46,201 - Agent - : Training at epoch-47 | loss: 0.31435757659391556- Training Acc: 87.46444444444444 in /users/jay/Lab2/sig_detect_v3/agents/OneDCNN.py:218
[INFO] - 2021-07-25 15:36:14,577 - Agent - : Validation results at epoch-47 | loss: 0.3323184025895064- Accuracy: 83.98 in /users/jay/Lab2/sig_detect_v3/agents/OneDCNN.py:260
[INFO] - 2021-07-25 15:36:40,985 - Agent - : Training at epoch-48 | loss: 0.3141345467733507- Training Acc: 89.32111111111111 in /users/jay/Lab2/sig_detect_v3/agents/OneDCNN.py:218
[INFO] - 2021-07-25 15:39:09,357 - Agent - : Validation results at epoch-48 | loss: 0.3153022868428261- Accuracy: 86.0 in /users/jay/Lab2/sig_detect_v3/agents/OneDCNN.py:260
[INFO] - 2021-07-25 15:39:35,763 - Agent - : Training at epoch-49 | loss: 0.30863088397964483- Training Acc: 88.22444444444444 in /users/jay/Lab2/sig_detect_v3/agents/OneDCNN.py:218
[INFO] - 2021-07-25 15:42:04,132 - Agent - : Validation results at epoch-49 | loss: 0.33983498337162527- Accuracy: 85.07000000000001 in /users/jay/Lab2/sig_detect_v3/agents/OneDCNN.py:260
[INFO] - 2021-07-25 15:42:30,650 - Agent - : Training at epoch-50 | loss: 0.3076209275855523- Training Acc: 87.54444444444445 in /users/jay/Lab2/sig_detect_v3/agents/OneDCNN.py:218
[INFO] - 2021-07-25 15:44:58,960 - Agent - : Validation results at epoch-50 | loss: 0.3226861304538265- Accuracy: 84.19 in /users/jay/Lab2/sig_detect_v3/agents/OneDCNN.py:260
[INFO] - 2021-07-25 15:45:25,476 - Agent - : Training at epoch-51 | loss: 0.3036502558941865- Training Acc: 90.19333333333334 in /users/jay/Lab2/sig_detect_v3/agents/OneDCNN.py:218
[INFO] - 2021-07-25 15:47:53,795 - Agent - : Validation results at epoch-51 | loss: 0.3003961572032066- Accuracy: 86.63 in /users/jay/Lab2/sig_detect_v3/agents/OneDCNN.py:260
[INFO] - 2021-07-25 15:48:20,200 - Agent - : Training at epoch-52 | loss: 0.30114333072111976- Training Acc: 82.08444444444444 in /users/jay/Lab2/sig_detect_v3/agents/OneDCNN.py:218
[INFO] - 2021-07-25 15:50:48,558 - Agent - : Validation results at epoch-52 | loss: 0.4019079800623997- Accuracy: 79.71000000000001 in /users/jay/Lab2/sig_detect_v3/agents/OneDCNN.py:260
[INFO] - 2021-07-25 15:51:14,974 - Agent - : Training at epoch-53 | loss: 0.29826675772709293- Training Acc: 89.42555555555556 in /users/jay/Lab2/sig_detect_v3/agents/OneDCNN.py:218
[INFO] - 2021-07-25 15:53:43,383 - Agent - : Validation results at epoch-53 | loss: 0.3163257273519115- Accuracy: 86.02 in /users/jay/Lab2/sig_detect_v3/agents/OneDCNN.py:260
[INFO] - 2021-07-25 15:54:09,802 - Agent - : Training at epoch-54 | loss: 0.2942577262211117- Training Acc: 90.5488888888889 in /users/jay/Lab2/sig_detect_v3/agents/OneDCNN.py:218
[INFO] - 2021-07-25 15:56:38,078 - Agent - : Validation results at epoch-54 | loss: 0.29653171169909703- Accuracy: 86.65 in /users/jay/Lab2/sig_detect_v3/agents/OneDCNN.py:260
[INFO] - 2021-07-25 15:57:04,491 - Agent - : Training at epoch-55 | loss: 0.2903829661026523- Training Acc: 90.41444444444444 in /users/jay/Lab2/sig_detect_v3/agents/OneDCNN.py:218
[INFO] - 2021-07-25 15:59:32,834 - Agent - : Validation results at epoch-55 | loss: 0.29892768421370514- Accuracy: 86.65 in /users/jay/Lab2/sig_detect_v3/agents/OneDCNN.py:260
[INFO] - 2021-07-25 15:59:59,248 - Agent - : Training at epoch-56 | loss: 0.28895501788194583- Training Acc: 89.27444444444444 in /users/jay/Lab2/sig_detect_v3/agents/OneDCNN.py:218
[INFO] - 2021-07-25 16:02:27,615 - Agent - : Validation results at epoch-56 | loss: 0.3193818065011577- Accuracy: 85.86 in /users/jay/Lab2/sig_detect_v3/agents/OneDCNN.py:260
[INFO] - 2021-07-25 16:02:54,027 - Agent - : Training at epoch-57 | loss: 0.28711658553104497- Training Acc: 89.8111111111111 in /users/jay/Lab2/sig_detect_v3/agents/OneDCNN.py:218
[INFO] - 2021-07-25 16:05:22,372 - Agent - : Validation results at epoch-57 | loss: 0.31162348418099106- Accuracy: 86.3 in /users/jay/Lab2/sig_detect_v3/agents/OneDCNN.py:260
[INFO] - 2021-07-25 16:05:48,891 - Agent - : Training at epoch-58 | loss: 0.28181868213326183- Training Acc: 90.86333333333333 in /users/jay/Lab2/sig_detect_v3/agents/OneDCNN.py:218
[INFO] - 2021-07-25 16:08:17,242 - Agent - : Validation results at epoch-58 | loss: 0.2936966411627022- Accuracy: 87.09 in /users/jay/Lab2/sig_detect_v3/agents/OneDCNN.py:260
[INFO] - 2021-07-25 16:08:43,675 - Agent - : Training at epoch-59 | loss: 0.2817163505533865- Training Acc: 91.01777777777778 in /users/jay/Lab2/sig_detect_v3/agents/OneDCNN.py:218
[INFO] - 2021-07-25 16:11:12,073 - Agent - : Validation results at epoch-59 | loss: 0.2913714428995825- Accuracy: 87.45 in /users/jay/Lab2/sig_detect_v3/agents/OneDCNN.py:260
[INFO] - 2021-07-25 16:11:38,498 - Agent - : Training at epoch-60 | loss: 0.2779457994446148- Training Acc: 90.73333333333333 in /users/jay/Lab2/sig_detect_v3/agents/OneDCNN.py:218
[INFO] - 2021-07-25 16:14:06,880 - Agent - : Validation results at epoch-60 | loss: 0.2928355990131949- Accuracy: 86.83999999999999 in /users/jay/Lab2/sig_detect_v3/agents/OneDCNN.py:260
[INFO] - 2021-07-25 16:14:33,302 - Agent - : Training at epoch-61 | loss: 0.27773883269455046- Training Acc: 90.55 in /users/jay/Lab2/sig_detect_v3/agents/OneDCNN.py:218
[INFO] - 2021-07-25 16:17:01,658 - Agent - : Validation results at epoch-61 | loss: 0.3026387803019232- Accuracy: 86.87 in /users/jay/Lab2/sig_detect_v3/agents/OneDCNN.py:260
[INFO] - 2021-07-25 16:17:28,079 - Agent - : Training at epoch-62 | loss: 0.27463262663212923- Training Acc: 90.1288888888889 in /users/jay/Lab2/sig_detect_v3/agents/OneDCNN.py:218
[INFO] - 2021-07-25 16:19:56,395 - Agent - : Validation results at epoch-62 | loss: 0.2925028671884233- Accuracy: 86.26 in /users/jay/Lab2/sig_detect_v3/agents/OneDCNN.py:260
[INFO] - 2021-07-25 16:20:22,806 - Agent - : Training at epoch-63 | loss: 0.2747427349871749- Training Acc: 91.10111111111111 in /users/jay/Lab2/sig_detect_v3/agents/OneDCNN.py:218
[INFO] - 2021-07-25 16:22:51,101 - Agent - : Validation results at epoch-63 | loss: 0.29069984528669124- Accuracy: 87.22 in /users/jay/Lab2/sig_detect_v3/agents/OneDCNN.py:260
[INFO] - 2021-07-25 16:23:17,510 - Agent - : Training at epoch-64 | loss: 0.27101029488493045- Training Acc: 90.95777777777778 in /users/jay/Lab2/sig_detect_v3/agents/OneDCNN.py:218
[INFO] - 2021-07-25 16:25:45,844 - Agent - : Validation results at epoch-64 | loss: 0.29095695865382054- Accuracy: 87.11 in /users/jay/Lab2/sig_detect_v3/agents/OneDCNN.py:260
[INFO] - 2021-07-25 16:26:12,257 - Agent - : Training at epoch-65 | loss: 0.26828034557852243- Training Acc: 91.11777777777777 in /users/jay/Lab2/sig_detect_v3/agents/OneDCNN.py:218
[INFO] - 2021-07-25 16:28:40,584 - Agent - : Validation results at epoch-65 | loss: 0.2940921011813887- Accuracy: 87.12 in /users/jay/Lab2/sig_detect_v3/agents/OneDCNN.py:260
[INFO] - 2021-07-25 16:29:06,995 - Agent - : Training at epoch-66 | loss: 0.2682722608036578- Training Acc: 91.49555555555555 in /users/jay/Lab2/sig_detect_v3/agents/OneDCNN.py:218
[INFO] - 2021-07-25 16:31:35,246 - Agent - : Validation results at epoch-66 | loss: 0.28189568781549- Accuracy: 87.01 in /users/jay/Lab2/sig_detect_v3/agents/OneDCNN.py:260
[INFO] - 2021-07-25 16:32:01,661 - Agent - : Training at epoch-67 | loss: 0.264775860008824- Training Acc: 91.67666666666666 in /users/jay/Lab2/sig_detect_v3/agents/OneDCNN.py:218
[INFO] - 2021-07-25 16:34:29,989 - Agent - : Validation results at epoch-67 | loss: 0.2815649255066161- Accuracy: 87.42999999999999 in /users/jay/Lab2/sig_detect_v3/agents/OneDCNN.py:260
[INFO] - 2021-07-25 16:34:56,424 - Agent - : Training at epoch-68 | loss: 0.2627707602987073- Training Acc: 91.00222222222222 in /users/jay/Lab2/sig_detect_v3/agents/OneDCNN.py:218
[INFO] - 2021-07-25 16:37:24,740 - Agent - : Validation results at epoch-68 | loss: 0.3001977378965183- Accuracy: 87.42 in /users/jay/Lab2/sig_detect_v3/agents/OneDCNN.py:260
[INFO] - 2021-07-25 16:37:51,158 - Agent - : Training at epoch-69 | loss: 0.26352454265467057- Training Acc: 91.68444444444445 in /users/jay/Lab2/sig_detect_v3/agents/OneDCNN.py:218
[INFO] - 2021-07-25 16:40:19,548 - Agent - : Validation results at epoch-69 | loss: 0.28460139643614457- Accuracy: 87.13 in /users/jay/Lab2/sig_detect_v3/agents/OneDCNN.py:260
[INFO] - 2021-07-25 16:40:45,963 - Agent - : Training at epoch-70 | loss: 0.2612688443765796- Training Acc: 91.83444444444444 in /users/jay/Lab2/sig_detect_v3/agents/OneDCNN.py:218
[INFO] - 2021-07-25 16:43:14,274 - Agent - : Validation results at epoch-70 | loss: 0.27762856775787986- Accuracy: 87.66000000000001 in /users/jay/Lab2/sig_detect_v3/agents/OneDCNN.py:260
[INFO] - 2021-07-25 16:43:40,686 - Agent - : Training at epoch-71 | loss: 0.2616124498183285- Training Acc: 91.44666666666666 in /users/jay/Lab2/sig_detect_v3/agents/OneDCNN.py:218
[INFO] - 2021-07-25 16:46:09,148 - Agent - : Validation results at epoch-71 | loss: 0.27801817854878247- Accuracy: 87.3 in /users/jay/Lab2/sig_detect_v3/agents/OneDCNN.py:260
[INFO] - 2021-07-25 16:46:35,569 - Agent - : Training at epoch-72 | loss: 0.25817542361636997- Training Acc: 92.22 in /users/jay/Lab2/sig_detect_v3/agents/OneDCNN.py:218
[INFO] - 2021-07-25 16:49:03,980 - Agent - : Validation results at epoch-72 | loss: 0.2722489999927533- Accuracy: 87.91 in /users/jay/Lab2/sig_detect_v3/agents/OneDCNN.py:260
[INFO] - 2021-07-25 16:49:30,416 - Agent - : Training at epoch-73 | loss: 0.25861510666724036- Training Acc: 91.88333333333333 in /users/jay/Lab2/sig_detect_v3/agents/OneDCNN.py:218
[INFO] - 2021-07-25 16:51:58,853 - Agent - : Validation results at epoch-73 | loss: 0.2746862913392911- Accuracy: 87.33999999999999 in /users/jay/Lab2/sig_detect_v3/agents/OneDCNN.py:260
[INFO] - 2021-07-25 16:52:25,281 - Agent - : Training at epoch-74 | loss: 0.2580379406844121- Training Acc: 91.99222222222222 in /users/jay/Lab2/sig_detect_v3/agents/OneDCNN.py:218
[INFO] - 2021-07-25 16:54:53,656 - Agent - : Validation results at epoch-74 | loss: 0.27336636840537853- Accuracy: 87.66000000000001 in /users/jay/Lab2/sig_detect_v3/agents/OneDCNN.py:260
[INFO] - 2021-07-25 16:55:20,100 - Agent - : Training at epoch-75 | loss: 0.25660955145499686- Training Acc: 91.99000000000001 in /users/jay/Lab2/sig_detect_v3/agents/OneDCNN.py:218
[INFO] - 2021-07-25 16:57:48,517 - Agent - : Validation results at epoch-75 | loss: 0.2765091996473871- Accuracy: 87.75 in /users/jay/Lab2/sig_detect_v3/agents/OneDCNN.py:260
[INFO] - 2021-07-25 16:58:14,952 - Agent - : Training at epoch-76 | loss: 0.2536893752698112- Training Acc: 92.08 in /users/jay/Lab2/sig_detect_v3/agents/OneDCNN.py:218
[INFO] - 2021-07-25 17:00:43,420 - Agent - : Validation results at epoch-76 | loss: 0.2768816596763149- Accuracy: 87.71 in /users/jay/Lab2/sig_detect_v3/agents/OneDCNN.py:260
[INFO] - 2021-07-25 17:01:09,843 - Agent - : Training at epoch-77 | loss: 0.2541159578117819- Training Acc: 92.10888888888888 in /users/jay/Lab2/sig_detect_v3/agents/OneDCNN.py:218
[INFO] - 2021-07-25 17:03:38,226 - Agent - : Validation results at epoch-77 | loss: 0.2749241196615681- Accuracy: 87.79 in /users/jay/Lab2/sig_detect_v3/agents/OneDCNN.py:260
[INFO] - 2021-07-25 17:04:04,663 - Agent - : Training at epoch-78 | loss: 0.25097072871657405- Training Acc: 92.60333333333334 in /users/jay/Lab2/sig_detect_v3/agents/OneDCNN.py:218
[INFO] - 2021-07-25 17:06:33,134 - Agent - : Validation results at epoch-78 | loss: 0.26776390897620256- Accuracy: 88.33 in /users/jay/Lab2/sig_detect_v3/agents/OneDCNN.py:260
[INFO] - 2021-07-25 17:06:59,566 - Agent - : Training at epoch-79 | loss: 0.25024881269504773- Training Acc: 92.31888888888888 in /users/jay/Lab2/sig_detect_v3/agents/OneDCNN.py:218
[INFO] - 2021-07-25 17:09:27,970 - Agent - : Validation results at epoch-79 | loss: 0.2714400016198492- Accuracy: 88.05 in /users/jay/Lab2/sig_detect_v3/agents/OneDCNN.py:260
[INFO] - 2021-07-25 17:09:54,385 - Agent - : Training at epoch-80 | loss: 0.25107422970399507- Training Acc: 92.20444444444445 in /users/jay/Lab2/sig_detect_v3/agents/OneDCNN.py:218
[INFO] - 2021-07-25 17:12:22,801 - Agent - : Validation results at epoch-80 | loss: 0.27581437036489986- Accuracy: 87.8 in /users/jay/Lab2/sig_detect_v3/agents/OneDCNN.py:260
[INFO] - 2021-07-25 17:12:49,236 - Agent - : Training at epoch-81 | loss: 0.24887145351944193- Training Acc: 92.44888888888889 in /users/jay/Lab2/sig_detect_v3/agents/OneDCNN.py:218
[INFO] - 2021-07-25 17:15:17,630 - Agent - : Validation results at epoch-81 | loss: 0.27281721221033933- Accuracy: 88.06 in /users/jay/Lab2/sig_detect_v3/agents/OneDCNN.py:260
[INFO] - 2021-07-25 17:15:44,055 - Agent - : Training at epoch-82 | loss: 0.25036175444182046- Training Acc: 92.20111111111112 in /users/jay/Lab2/sig_detect_v3/agents/OneDCNN.py:218
[INFO] - 2021-07-25 17:18:12,383 - Agent - : Validation results at epoch-82 | loss: 0.2692137405181387- Accuracy: 87.67 in /users/jay/Lab2/sig_detect_v3/agents/OneDCNN.py:260
[INFO] - 2021-07-25 17:18:38,799 - Agent - : Training at epoch-83 | loss: 0.2487236363939046- Training Acc: 92.21222222222222 in /users/jay/Lab2/sig_detect_v3/agents/OneDCNN.py:218
[INFO] - 2021-07-25 17:21:07,153 - Agent - : Validation results at epoch-83 | loss: 0.2791461181488766- Accuracy: 87.91 in /users/jay/Lab2/sig_detect_v3/agents/OneDCNN.py:260
[INFO] - 2021-07-25 17:21:33,688 - Agent - : Training at epoch-84 | loss: 0.2475905169831495- Training Acc: 91.98444444444445 in /users/jay/Lab2/sig_detect_v3/agents/OneDCNN.py:218
[INFO] - 2021-07-25 17:24:02,101 - Agent - : Validation results at epoch-84 | loss: 0.27239655470772156- Accuracy: 87.38 in /users/jay/Lab2/sig_detect_v3/agents/OneDCNN.py:260
[INFO] - 2021-07-25 17:24:28,530 - Agent - : Training at epoch-85 | loss: 0.24723619934338242- Training Acc: 92.39555555555555 in /users/jay/Lab2/sig_detect_v3/agents/OneDCNN.py:218
[INFO] - 2021-07-25 17:26:56,880 - Agent - : Validation results at epoch-85 | loss: 0.27054956118771983- Accuracy: 87.81 in /users/jay/Lab2/sig_detect_v3/agents/OneDCNN.py:260
[INFO] - 2021-07-25 17:27:23,314 - Agent - : Training at epoch-86 | loss: 0.24626908674783204- Training Acc: 92.12 in /users/jay/Lab2/sig_detect_v3/agents/OneDCNN.py:218
[INFO] - 2021-07-25 17:29:51,659 - Agent - : Validation results at epoch-86 | loss: 0.27893277675293054- Accuracy: 87.88 in /users/jay/Lab2/sig_detect_v3/agents/OneDCNN.py:260
[INFO] - 2021-07-25 17:30:18,089 - Agent - : Training at epoch-87 | loss: 0.24460448963301523- Training Acc: 92.21000000000001 in /users/jay/Lab2/sig_detect_v3/agents/OneDCNN.py:218
[INFO] - 2021-07-25 17:32:46,443 - Agent - : Validation results at epoch-87 | loss: 0.27108934683025265- Accuracy: 87.8 in /users/jay/Lab2/sig_detect_v3/agents/OneDCNN.py:260
[INFO] - 2021-07-25 17:33:12,863 - Agent - : Training at epoch-88 | loss: 0.2455376313407538- Training Acc: 91.91333333333334 in /users/jay/Lab2/sig_detect_v3/agents/OneDCNN.py:218
[INFO] - 2021-07-25 17:35:41,234 - Agent - : Validation results at epoch-88 | loss: 0.27281574392394653- Accuracy: 87.51 in /users/jay/Lab2/sig_detect_v3/agents/OneDCNN.py:260
[INFO] - 2021-07-25 17:36:07,674 - Agent - : Training at epoch-89 | loss: 0.24508783359983413- Training Acc: 92.74111111111111 in /users/jay/Lab2/sig_detect_v3/agents/OneDCNN.py:218
[INFO] - 2021-07-25 17:38:36,051 - Agent - : Validation results at epoch-89 | loss: 0.2668125848671433- Accuracy: 88.5 in /users/jay/Lab2/sig_detect_v3/agents/OneDCNN.py:260
[INFO] - 2021-07-25 17:39:02,478 - Agent - : Training at epoch-90 | loss: 0.24415000540276496- Training Acc: 92.66555555555556 in /users/jay/Lab2/sig_detect_v3/agents/OneDCNN.py:218
[INFO] - 2021-07-25 17:41:30,835 - Agent - : Validation results at epoch-90 | loss: 0.26751710569402976- Accuracy: 88.49000000000001 in /users/jay/Lab2/sig_detect_v3/agents/OneDCNN.py:260
[INFO] - 2021-07-25 17:41:57,254 - Agent - : Training at epoch-91 | loss: 0.24377912823071105- Training Acc: 92.58333333333333 in /users/jay/Lab2/sig_detect_v3/agents/OneDCNN.py:218
[INFO] - 2021-07-25 17:44:25,628 - Agent - : Validation results at epoch-91 | loss: 0.2661696516309574- Accuracy: 88.07000000000001 in /users/jay/Lab2/sig_detect_v3/agents/OneDCNN.py:260
[INFO] - 2021-07-25 17:44:52,046 - Agent - : Training at epoch-92 | loss: 0.24302532808231647- Training Acc: 92.46111111111112 in /users/jay/Lab2/sig_detect_v3/agents/OneDCNN.py:218
[INFO] - 2021-07-25 17:47:20,433 - Agent - : Validation results at epoch-92 | loss: 0.2715683790623762- Accuracy: 88.1 in /users/jay/Lab2/sig_detect_v3/agents/OneDCNN.py:260
[INFO] - 2021-07-25 17:47:46,862 - Agent - : Training at epoch-93 | loss: 0.24315434514247702- Training Acc: 92.43777777777777 in /users/jay/Lab2/sig_detect_v3/agents/OneDCNN.py:218
[INFO] - 2021-07-25 17:50:15,289 - Agent - : Validation results at epoch-93 | loss: 0.2717491868574908- Accuracy: 88.03 in /users/jay/Lab2/sig_detect_v3/agents/OneDCNN.py:260
[INFO] - 2021-07-25 17:50:41,713 - Agent - : Training at epoch-94 | loss: 0.24372757596374828- Training Acc: 92.56888888888889 in /users/jay/Lab2/sig_detect_v3/agents/OneDCNN.py:218
[INFO] - 2021-07-25 17:53:10,061 - Agent - : Validation results at epoch-94 | loss: 0.2686898131279429- Accuracy: 88.13 in /users/jay/Lab2/sig_detect_v3/agents/OneDCNN.py:260
[INFO] - 2021-07-25 17:53:36,484 - Agent - : Training at epoch-95 | loss: 0.24271585408389018- Training Acc: 92.60000000000001 in /users/jay/Lab2/sig_detect_v3/agents/OneDCNN.py:218
[INFO] - 2021-07-25 17:56:04,878 - Agent - : Validation results at epoch-95 | loss: 0.27030539787878655- Accuracy: 88.13 in /users/jay/Lab2/sig_detect_v3/agents/OneDCNN.py:260
[INFO] - 2021-07-25 17:56:31,294 - Agent - : Training at epoch-96 | loss: 0.2411606791876018- Training Acc: 92.44 in /users/jay/Lab2/sig_detect_v3/agents/OneDCNN.py:218
[INFO] - 2021-07-25 17:58:59,696 - Agent - : Validation results at epoch-96 | loss: 0.2709279813963896- Accuracy: 88.18 in /users/jay/Lab2/sig_detect_v3/agents/OneDCNN.py:260
[INFO] - 2021-07-25 17:59:26,118 - Agent - : Training at epoch-97 | loss: 0.24240228776802134- Training Acc: 92.59111111111112 in /users/jay/Lab2/sig_detect_v3/agents/OneDCNN.py:218
[INFO] - 2021-07-25 18:01:54,531 - Agent - : Validation results at epoch-97 | loss: 0.26948687253863945- Accuracy: 88.2 in /users/jay/Lab2/sig_detect_v3/agents/OneDCNN.py:260
[INFO] - 2021-07-25 18:02:20,956 - Agent - : Training at epoch-98 | loss: 0.24401161079404196- Training Acc: 92.82000000000001 in /users/jay/Lab2/sig_detect_v3/agents/OneDCNN.py:218
[INFO] - 2021-07-25 18:04:49,333 - Agent - : Validation results at epoch-98 | loss: 0.26730107112674956- Accuracy: 88.42999999999999 in /users/jay/Lab2/sig_detect_v3/agents/OneDCNN.py:260
[INFO] - 2021-07-25 18:05:15,764 - Agent - : Training at epoch-99 | loss: 0.24439005309605988- Training Acc: 92.61666666666667 in /users/jay/Lab2/sig_detect_v3/agents/OneDCNN.py:218
[INFO] - 2021-07-25 18:07:44,130 - Agent - : Validation results at epoch-99 | loss: 0.2677437736160436- Accuracy: 87.96000000000001 in /users/jay/Lab2/sig_detect_v3/agents/OneDCNN.py:260
[INFO] - 2021-07-25 18:07:44,160 - Agent - : Please wait while finalizing the operation.. Thank you in /users/jay/Lab2/sig_detect_v3/agents/OneDCNN.py:413
[INFO] - 2021-07-25 18:10:17,135 - Agent - : Testing at epoch-99 | loss: 0.2565694386792031- Testing Acc: 92.61666666666667 in /users/jay/Lab2/sig_detect_v3/agents/OneDCNN.py:324
