[INFO] - 2021-08-25 16:11:05,518 - root - : Hi, This is root. in /users/jay/Lab2/sig_detect_v3/utils/config.py:101
[INFO] - 2021-08-25 16:11:05,518 - root - : After the configurations are successfully processed and dirs are created. in /users/jay/Lab2/sig_detect_v3/utils/config.py:102
[INFO] - 2021-08-25 16:11:05,518 - root - : The pipeline of the project will begin now. in /users/jay/Lab2/sig_detect_v3/utils/config.py:103
[INFO] - 2021-08-25 16:11:09,427 - Array_DataLoader - : Loading DATA..... in /users/jay/Lab2/sig_detect_v3/datasets/auto_covariances.py:63
[INFO] - 2021-08-25 16:11:09,429 - Agent - : Operation will be on *****GPU-CUDA*****  in /users/jay/Lab2/sig_detect_v3/agents/OneDCNN.py:94
[INFO] - 2021-08-25 16:11:10,991 - Agent - : Loading checkpoint 'experiments/exp_p18/checkpoints/checkpoint.pth.tar' in /users/jay/Lab2/sig_detect_v3/agents/OneDCNN.py:131
[INFO] - 2021-08-25 16:11:10,993 - Agent - : No checkpoint exists from 'experiments/exp_p18/checkpoints/'. Skipping... in /users/jay/Lab2/sig_detect_v3/agents/OneDCNN.py:142
[INFO] - 2021-08-25 16:11:10,993 - Agent - : **First time to train** in /users/jay/Lab2/sig_detect_v3/agents/OneDCNN.py:143
[INFO] - 2021-08-25 16:11:41,588 - Agent - : Training at epoch-0 | loss: 1.23898359525263- Training Acc: 58.11222222222222 in /users/jay/Lab2/sig_detect_v3/agents/OneDCNN.py:235
[INFO] - 2021-08-25 16:14:09,962 - Agent - : Validation results at epoch-0 | loss: 1.0128231572497421- Accuracy: 58.32000000000001 in /users/jay/Lab2/sig_detect_v3/agents/OneDCNN.py:277
[INFO] - 2021-08-25 16:14:36,891 - Agent - : Training at epoch-1 | loss: 0.9477606477174847- Training Acc: 63.15333333333333 in /users/jay/Lab2/sig_detect_v3/agents/OneDCNN.py:235
[INFO] - 2021-08-25 16:17:05,386 - Agent - : Validation results at epoch-1 | loss: 0.8782406426539087- Accuracy: 62.949999999999996 in /users/jay/Lab2/sig_detect_v3/agents/OneDCNN.py:277
[INFO] - 2021-08-25 16:17:32,316 - Agent - : Training at epoch-2 | loss: 0.8574077667457971- Training Acc: 67.43111111111111 in /users/jay/Lab2/sig_detect_v3/agents/OneDCNN.py:235
[INFO] - 2021-08-25 16:20:00,666 - Agent - : Validation results at epoch-2 | loss: 0.7999679954947939- Accuracy: 66.78 in /users/jay/Lab2/sig_detect_v3/agents/OneDCNN.py:277
[INFO] - 2021-08-25 16:20:27,594 - Agent - : Training at epoch-3 | loss: 0.7890532780981436- Training Acc: 69.81777777777778 in /users/jay/Lab2/sig_detect_v3/agents/OneDCNN.py:235
[INFO] - 2021-08-25 16:22:55,922 - Agent - : Validation results at epoch-3 | loss: 0.7437845836779114- Accuracy: 68.74 in /users/jay/Lab2/sig_detect_v3/agents/OneDCNN.py:277
[INFO] - 2021-08-25 16:23:22,820 - Agent - : Training at epoch-4 | loss: 0.7374087711895453- Training Acc: 71.24555555555555 in /users/jay/Lab2/sig_detect_v3/agents/OneDCNN.py:235
[INFO] - 2021-08-25 16:25:51,228 - Agent - : Validation results at epoch-4 | loss: 0.6976690922573114- Accuracy: 70.37 in /users/jay/Lab2/sig_detect_v3/agents/OneDCNN.py:277
[INFO] - 2021-08-25 16:26:18,120 - Agent - : Training at epoch-5 | loss: 0.6955234748341127- Training Acc: 72.68666666666667 in /users/jay/Lab2/sig_detect_v3/agents/OneDCNN.py:235
[INFO] - 2021-08-25 16:28:46,607 - Agent - : Validation results at epoch-5 | loss: 0.6625158403329788- Accuracy: 71.84 in /users/jay/Lab2/sig_detect_v3/agents/OneDCNN.py:277
[INFO] - 2021-08-25 16:29:13,474 - Agent - : Training at epoch-6 | loss: 0.661718010457594- Training Acc: 73.55333333333334 in /users/jay/Lab2/sig_detect_v3/agents/OneDCNN.py:235
[INFO] - 2021-08-25 16:31:41,790 - Agent - : Validation results at epoch-6 | loss: 0.6381739190049992- Accuracy: 72.59 in /users/jay/Lab2/sig_detect_v3/agents/OneDCNN.py:277
[INFO] - 2021-08-25 16:32:08,612 - Agent - : Training at epoch-7 | loss: 0.6316842781201101- Training Acc: 72.06555555555556 in /users/jay/Lab2/sig_detect_v3/agents/OneDCNN.py:235
[INFO] - 2021-08-25 16:34:37,098 - Agent - : Validation results at epoch-7 | loss: 0.6063569451972937- Accuracy: 70.98 in /users/jay/Lab2/sig_detect_v3/agents/OneDCNN.py:277
[INFO] - 2021-08-25 16:35:03,919 - Agent - : Training at epoch-8 | loss: 0.6027471912652783- Training Acc: 72.49888888888889 in /users/jay/Lab2/sig_detect_v3/agents/OneDCNN.py:235
[INFO] - 2021-08-25 16:37:32,310 - Agent - : Validation results at epoch-8 | loss: 0.5856310814429241- Accuracy: 71.46000000000001 in /users/jay/Lab2/sig_detect_v3/agents/OneDCNN.py:277
[INFO] - 2021-08-25 16:37:59,101 - Agent - : Training at epoch-9 | loss: 0.5810899196911469- Training Acc: 76.46555555555555 in /users/jay/Lab2/sig_detect_v3/agents/OneDCNN.py:235
[INFO] - 2021-08-25 16:40:27,478 - Agent - : Validation results at epoch-9 | loss: 0.5620392331272174- Accuracy: 75.27000000000001 in /users/jay/Lab2/sig_detect_v3/agents/OneDCNN.py:277
[INFO] - 2021-08-25 16:40:54,240 - Agent - : Training at epoch-10 | loss: 0.5645468048195341- Training Acc: 76.07222222222222 in /users/jay/Lab2/sig_detect_v3/agents/OneDCNN.py:235
[INFO] - 2021-08-25 16:43:22,592 - Agent - : Validation results at epoch-10 | loss: 0.5420407464929448- Accuracy: 74.89 in /users/jay/Lab2/sig_detect_v3/agents/OneDCNN.py:277
[INFO] - 2021-08-25 16:43:49,382 - Agent - : Training at epoch-11 | loss: 0.5455661177974096- Training Acc: 76.40777777777778 in /users/jay/Lab2/sig_detect_v3/agents/OneDCNN.py:235
[INFO] - 2021-08-25 16:46:17,805 - Agent - : Validation results at epoch-11 | loss: 0.5236547906307658- Accuracy: 75.14 in /users/jay/Lab2/sig_detect_v3/agents/OneDCNN.py:277
[INFO] - 2021-08-25 16:46:44,629 - Agent - : Training at epoch-12 | loss: 0.5328039222985358- Training Acc: 77.56888888888889 in /users/jay/Lab2/sig_detect_v3/agents/OneDCNN.py:235
[INFO] - 2021-08-25 16:49:13,121 - Agent - : Validation results at epoch-12 | loss: 0.5263861026733544- Accuracy: 76.14 in /users/jay/Lab2/sig_detect_v3/agents/OneDCNN.py:277
[INFO] - 2021-08-25 16:49:39,932 - Agent - : Training at epoch-13 | loss: 0.5199271776444029- Training Acc: 77.66 in /users/jay/Lab2/sig_detect_v3/agents/OneDCNN.py:235
[INFO] - 2021-08-25 16:52:08,535 - Agent - : Validation results at epoch-13 | loss: 0.5004722212150599- Accuracy: 76.27000000000001 in /users/jay/Lab2/sig_detect_v3/agents/OneDCNN.py:277
[INFO] - 2021-08-25 16:52:35,338 - Agent - : Training at epoch-14 | loss: 0.5101105991880692- Training Acc: 78.81222222222222 in /users/jay/Lab2/sig_detect_v3/agents/OneDCNN.py:235
[INFO] - 2021-08-25 16:55:03,883 - Agent - : Validation results at epoch-14 | loss: 0.49054508414238124- Accuracy: 77.49000000000001 in /users/jay/Lab2/sig_detect_v3/agents/OneDCNN.py:277
[INFO] - 2021-08-25 16:55:30,731 - Agent - : Training at epoch-15 | loss: 0.4997112846535491- Training Acc: 79.09111111111112 in /users/jay/Lab2/sig_detect_v3/agents/OneDCNN.py:235
[INFO] - 2021-08-25 16:57:59,356 - Agent - : Validation results at epoch-15 | loss: 0.4999986761694501- Accuracy: 77.88000000000001 in /users/jay/Lab2/sig_detect_v3/agents/OneDCNN.py:277
[INFO] - 2021-08-25 16:58:26,194 - Agent - : Training at epoch-16 | loss: 0.4883141210719721- Training Acc: 79.92111111111112 in /users/jay/Lab2/sig_detect_v3/agents/OneDCNN.py:235
[INFO] - 2021-08-25 17:00:54,466 - Agent - : Validation results at epoch-16 | loss: 0.4719870111365227- Accuracy: 78.71000000000001 in /users/jay/Lab2/sig_detect_v3/agents/OneDCNN.py:277
[INFO] - 2021-08-25 17:01:21,254 - Agent - : Training at epoch-17 | loss: 0.4784292553703075- Training Acc: 79.98777777777778 in /users/jay/Lab2/sig_detect_v3/agents/OneDCNN.py:235
[INFO] - 2021-08-25 17:03:49,627 - Agent - : Validation results at epoch-17 | loss: 0.4597906906893299- Accuracy: 78.19 in /users/jay/Lab2/sig_detect_v3/agents/OneDCNN.py:277
[INFO] - 2021-08-25 17:04:16,459 - Agent - : Training at epoch-18 | loss: 0.47079288866304725- Training Acc: 77.85222222222222 in /users/jay/Lab2/sig_detect_v3/agents/OneDCNN.py:235
[INFO] - 2021-08-25 17:06:44,860 - Agent - : Validation results at epoch-18 | loss: 0.47346004331187835- Accuracy: 76.07000000000001 in /users/jay/Lab2/sig_detect_v3/agents/OneDCNN.py:277
[INFO] - 2021-08-25 17:07:11,681 - Agent - : Training at epoch-19 | loss: 0.4617664661488807- Training Acc: 80.55444444444444 in /users/jay/Lab2/sig_detect_v3/agents/OneDCNN.py:235
[INFO] - 2021-08-25 17:09:40,174 - Agent - : Validation results at epoch-19 | loss: 0.4664665340997611- Accuracy: 78.99000000000001 in /users/jay/Lab2/sig_detect_v3/agents/OneDCNN.py:277
[INFO] - 2021-08-25 17:10:06,994 - Agent - : Training at epoch-20 | loss: 0.45392501703711713- Training Acc: 81.31444444444445 in /users/jay/Lab2/sig_detect_v3/agents/OneDCNN.py:235
[INFO] - 2021-08-25 17:12:35,406 - Agent - : Validation results at epoch-20 | loss: 0.4396912354952211- Accuracy: 79.33 in /users/jay/Lab2/sig_detect_v3/agents/OneDCNN.py:277
[INFO] - 2021-08-25 17:13:02,191 - Agent - : Training at epoch-21 | loss: 0.4462370536347696- Training Acc: 81.7611111111111 in /users/jay/Lab2/sig_detect_v3/agents/OneDCNN.py:235
[INFO] - 2021-08-25 17:15:30,579 - Agent - : Validation results at epoch-21 | loss: 0.4357266465949405- Accuracy: 80.04 in /users/jay/Lab2/sig_detect_v3/agents/OneDCNN.py:277
[INFO] - 2021-08-25 17:15:57,413 - Agent - : Training at epoch-22 | loss: 0.43701941037567776- Training Acc: 82.03111111111112 in /users/jay/Lab2/sig_detect_v3/agents/OneDCNN.py:235
[INFO] - 2021-08-25 17:18:25,852 - Agent - : Validation results at epoch-22 | loss: 0.43175992217792825- Accuracy: 80.33 in /users/jay/Lab2/sig_detect_v3/agents/OneDCNN.py:277
[INFO] - 2021-08-25 17:18:52,661 - Agent - : Training at epoch-23 | loss: 0.430200843499244- Training Acc: 83.50444444444445 in /users/jay/Lab2/sig_detect_v3/agents/OneDCNN.py:235
[INFO] - 2021-08-25 17:21:21,033 - Agent - : Validation results at epoch-23 | loss: 0.4147253471195318- Accuracy: 81.67999999999999 in /users/jay/Lab2/sig_detect_v3/agents/OneDCNN.py:277
[INFO] - 2021-08-25 17:21:47,805 - Agent - : Training at epoch-24 | loss: 0.42498822981530077- Training Acc: 83.48666666666666 in /users/jay/Lab2/sig_detect_v3/agents/OneDCNN.py:235
[INFO] - 2021-08-25 17:24:16,242 - Agent - : Validation results at epoch-24 | loss: 0.4148693935127015- Accuracy: 81.32000000000001 in /users/jay/Lab2/sig_detect_v3/agents/OneDCNN.py:277
[INFO] - 2021-08-25 17:24:43,079 - Agent - : Training at epoch-25 | loss: 0.4162385289814765- Training Acc: 83.32444444444445 in /users/jay/Lab2/sig_detect_v3/agents/OneDCNN.py:235
[INFO] - 2021-08-25 17:27:11,564 - Agent - : Validation results at epoch-25 | loss: 0.40896665822168826- Accuracy: 81.37 in /users/jay/Lab2/sig_detect_v3/agents/OneDCNN.py:277
[INFO] - 2021-08-25 17:27:38,391 - Agent - : Training at epoch-26 | loss: 0.41026523923229985- Training Acc: 84.2 in /users/jay/Lab2/sig_detect_v3/agents/OneDCNN.py:235
[INFO] - 2021-08-25 17:30:06,838 - Agent - : Validation results at epoch-26 | loss: 0.40368196975653337- Accuracy: 82.22 in /users/jay/Lab2/sig_detect_v3/agents/OneDCNN.py:277
[INFO] - 2021-08-25 17:30:33,651 - Agent - : Training at epoch-27 | loss: 0.40173597043934833- Training Acc: 84.34666666666666 in /users/jay/Lab2/sig_detect_v3/agents/OneDCNN.py:235
[INFO] - 2021-08-25 17:33:02,179 - Agent - : Validation results at epoch-27 | loss: 0.38574598729610443- Accuracy: 82.14 in /users/jay/Lab2/sig_detect_v3/agents/OneDCNN.py:277
[INFO] - 2021-08-25 17:33:28,979 - Agent - : Training at epoch-28 | loss: 0.3964507746395695- Training Acc: 84.24888888888889 in /users/jay/Lab2/sig_detect_v3/agents/OneDCNN.py:235
[INFO] - 2021-08-25 17:35:57,515 - Agent - : Validation results at epoch-28 | loss: 0.3839484066910045- Accuracy: 81.95 in /users/jay/Lab2/sig_detect_v3/agents/OneDCNN.py:277
[INFO] - 2021-08-25 17:36:24,354 - Agent - : Training at epoch-29 | loss: 0.38656951710528825- Training Acc: 85.04555555555555 in /users/jay/Lab2/sig_detect_v3/agents/OneDCNN.py:235
[INFO] - 2021-08-25 17:38:52,866 - Agent - : Validation results at epoch-29 | loss: 0.3737922845182905- Accuracy: 82.6 in /users/jay/Lab2/sig_detect_v3/agents/OneDCNN.py:277
[INFO] - 2021-08-25 17:39:19,683 - Agent - : Training at epoch-30 | loss: 0.3838378198725498- Training Acc: 86.27111111111111 in /users/jay/Lab2/sig_detect_v3/agents/OneDCNN.py:235
[INFO] - 2021-08-25 17:41:48,152 - Agent - : Validation results at epoch-30 | loss: 0.3655867815776995- Accuracy: 83.61 in /users/jay/Lab2/sig_detect_v3/agents/OneDCNN.py:277
[INFO] - 2021-08-25 17:42:14,982 - Agent - : Training at epoch-31 | loss: 0.3758658207555824- Training Acc: 85.65777777777778 in /users/jay/Lab2/sig_detect_v3/agents/OneDCNN.py:235
[INFO] - 2021-08-25 17:44:43,512 - Agent - : Validation results at epoch-31 | loss: 0.3623331806082634- Accuracy: 83.14 in /users/jay/Lab2/sig_detect_v3/agents/OneDCNN.py:277
[INFO] - 2021-08-25 17:45:10,372 - Agent - : Training at epoch-32 | loss: 0.3722888088726201- Training Acc: 86.21111111111112 in /users/jay/Lab2/sig_detect_v3/agents/OneDCNN.py:235
[INFO] - 2021-08-25 17:47:38,890 - Agent - : Validation results at epoch-32 | loss: 0.3603259124763452- Accuracy: 84.13000000000001 in /users/jay/Lab2/sig_detect_v3/agents/OneDCNN.py:277
[INFO] - 2021-08-25 17:48:05,712 - Agent - : Training at epoch-33 | loss: 0.36609530175672667- Training Acc: 86.57555555555555 in /users/jay/Lab2/sig_detect_v3/agents/OneDCNN.py:235
[INFO] - 2021-08-25 17:50:34,145 - Agent - : Validation results at epoch-33 | loss: 0.35459332149119893- Accuracy: 84.05 in /users/jay/Lab2/sig_detect_v3/agents/OneDCNN.py:277
[INFO] - 2021-08-25 17:51:00,999 - Agent - : Training at epoch-34 | loss: 0.358312295369841- Training Acc: 82.42777777777778 in /users/jay/Lab2/sig_detect_v3/agents/OneDCNN.py:235
[INFO] - 2021-08-25 17:53:29,658 - Agent - : Validation results at epoch-34 | loss: 0.392350147104567- Accuracy: 79.96 in /users/jay/Lab2/sig_detect_v3/agents/OneDCNN.py:277
[INFO] - 2021-08-25 17:53:56,469 - Agent - : Training at epoch-35 | loss: 0.3551614555849958- Training Acc: 85.92111111111112 in /users/jay/Lab2/sig_detect_v3/agents/OneDCNN.py:235
[INFO] - 2021-08-25 17:56:25,027 - Agent - : Validation results at epoch-35 | loss: 0.3520209462779343- Accuracy: 83.2 in /users/jay/Lab2/sig_detect_v3/agents/OneDCNN.py:277
[INFO] - 2021-08-25 17:56:51,881 - Agent - : Training at epoch-36 | loss: 0.34936010609854173- Training Acc: 85.98333333333333 in /users/jay/Lab2/sig_detect_v3/agents/OneDCNN.py:235
[INFO] - 2021-08-25 17:59:20,501 - Agent - : Validation results at epoch-36 | loss: 0.34769499491734107- Accuracy: 83.45 in /users/jay/Lab2/sig_detect_v3/agents/OneDCNN.py:277
[INFO] - 2021-08-25 17:59:47,355 - Agent - : Training at epoch-37 | loss: 0.34309188739873875- Training Acc: 87.4888888888889 in /users/jay/Lab2/sig_detect_v3/agents/OneDCNN.py:235
[INFO] - 2021-08-25 18:02:15,910 - Agent - : Validation results at epoch-37 | loss: 0.3336940285316698- Accuracy: 84.61999999999999 in /users/jay/Lab2/sig_detect_v3/agents/OneDCNN.py:277
[INFO] - 2021-08-25 18:02:42,741 - Agent - : Training at epoch-38 | loss: 0.3403884832559957- Training Acc: 87.93777777777778 in /users/jay/Lab2/sig_detect_v3/agents/OneDCNN.py:235
[INFO] - 2021-08-25 18:05:11,466 - Agent - : Validation results at epoch-38 | loss: 0.33007061092337225- Accuracy: 85.27 in /users/jay/Lab2/sig_detect_v3/agents/OneDCNN.py:277
[INFO] - 2021-08-25 18:05:38,283 - Agent - : Training at epoch-39 | loss: 0.3344320958929021- Training Acc: 87.64222222222222 in /users/jay/Lab2/sig_detect_v3/agents/OneDCNN.py:235
[INFO] - 2021-08-25 18:08:06,865 - Agent - : Validation results at epoch-39 | loss: 0.34325629159523424- Accuracy: 85.5 in /users/jay/Lab2/sig_detect_v3/agents/OneDCNN.py:277
[INFO] - 2021-08-25 18:08:33,719 - Agent - : Training at epoch-40 | loss: 0.3298582324298799- Training Acc: 88.66222222222223 in /users/jay/Lab2/sig_detect_v3/agents/OneDCNN.py:235
[INFO] - 2021-08-25 18:11:02,359 - Agent - : Validation results at epoch-40 | loss: 0.3211342350692506- Accuracy: 85.88 in /users/jay/Lab2/sig_detect_v3/agents/OneDCNN.py:277
[INFO] - 2021-08-25 18:11:29,196 - Agent - : Training at epoch-41 | loss: 0.3258091385536526- Training Acc: 88.64 in /users/jay/Lab2/sig_detect_v3/agents/OneDCNN.py:235
[INFO] - 2021-08-25 18:13:57,799 - Agent - : Validation results at epoch-41 | loss: 0.3308794027680804- Accuracy: 86.19 in /users/jay/Lab2/sig_detect_v3/agents/OneDCNN.py:277
[INFO] - 2021-08-25 18:14:24,619 - Agent - : Training at epoch-42 | loss: 0.3233693146121019- Training Acc: 88.83777777777779 in /users/jay/Lab2/sig_detect_v3/agents/OneDCNN.py:235
[INFO] - 2021-08-25 18:16:53,192 - Agent - : Validation results at epoch-42 | loss: 0.3204389052216414- Accuracy: 86.41 in /users/jay/Lab2/sig_detect_v3/agents/OneDCNN.py:277
[INFO] - 2021-08-25 18:17:19,996 - Agent - : Training at epoch-43 | loss: 0.3184886957494265- Training Acc: 88.72444444444444 in /users/jay/Lab2/sig_detect_v3/agents/OneDCNN.py:235
[INFO] - 2021-08-25 18:19:48,553 - Agent - : Validation results at epoch-43 | loss: 0.32274580267584246- Accuracy: 86.19 in /users/jay/Lab2/sig_detect_v3/agents/OneDCNN.py:277
[INFO] - 2021-08-25 18:20:15,420 - Agent - : Training at epoch-44 | loss: 0.31309399275637384- Training Acc: 89.84111111111112 in /users/jay/Lab2/sig_detect_v3/agents/OneDCNN.py:235
[INFO] - 2021-08-25 18:22:44,010 - Agent - : Validation results at epoch-44 | loss: 0.30985259744012433- Accuracy: 86.98 in /users/jay/Lab2/sig_detect_v3/agents/OneDCNN.py:277
[INFO] - 2021-08-25 18:23:10,857 - Agent - : Training at epoch-45 | loss: 0.3101827725291506- Training Acc: 89.45 in /users/jay/Lab2/sig_detect_v3/agents/OneDCNN.py:235
[INFO] - 2021-08-25 18:25:39,448 - Agent - : Validation results at epoch-45 | loss: 0.30260546078347855- Accuracy: 86.5 in /users/jay/Lab2/sig_detect_v3/agents/OneDCNN.py:277
[INFO] - 2021-08-25 18:26:06,274 - Agent - : Training at epoch-46 | loss: 0.30744838844865624- Training Acc: 89.34333333333333 in /users/jay/Lab2/sig_detect_v3/agents/OneDCNN.py:235
[INFO] - 2021-08-25 18:28:34,903 - Agent - : Validation results at epoch-46 | loss: 0.30142743164187025- Accuracy: 86.35000000000001 in /users/jay/Lab2/sig_detect_v3/agents/OneDCNN.py:277
[INFO] - 2021-08-25 18:29:01,710 - Agent - : Training at epoch-47 | loss: 0.3018365526504354- Training Acc: 89.73 in /users/jay/Lab2/sig_detect_v3/agents/OneDCNN.py:235
[INFO] - 2021-08-25 18:31:30,244 - Agent - : Validation results at epoch-47 | loss: 0.29569172792753595- Accuracy: 86.69 in /users/jay/Lab2/sig_detect_v3/agents/OneDCNN.py:277
[INFO] - 2021-08-25 18:31:57,096 - Agent - : Training at epoch-48 | loss: 0.3019571912652987- Training Acc: 89.11333333333333 in /users/jay/Lab2/sig_detect_v3/agents/OneDCNN.py:235
[INFO] - 2021-08-25 18:34:25,730 - Agent - : Validation results at epoch-48 | loss: 0.3183063323710375- Accuracy: 86.52 in /users/jay/Lab2/sig_detect_v3/agents/OneDCNN.py:277
[INFO] - 2021-08-25 18:34:52,564 - Agent - : Training at epoch-49 | loss: 0.29775881479205013- Training Acc: 89.42 in /users/jay/Lab2/sig_detect_v3/agents/OneDCNN.py:235
[INFO] - 2021-08-25 18:37:21,100 - Agent - : Validation results at epoch-49 | loss: 0.29791490287537786- Accuracy: 86.74 in /users/jay/Lab2/sig_detect_v3/agents/OneDCNN.py:277
[INFO] - 2021-08-25 18:37:47,908 - Agent - : Training at epoch-50 | loss: 0.2941888134129605- Training Acc: 89.81333333333333 in /users/jay/Lab2/sig_detect_v3/agents/OneDCNN.py:235
[INFO] - 2021-08-25 18:40:16,462 - Agent - : Validation results at epoch-50 | loss: 0.3085354194519626- Accuracy: 86.69 in /users/jay/Lab2/sig_detect_v3/agents/OneDCNN.py:277
[INFO] - 2021-08-25 18:40:43,340 - Agent - : Training at epoch-51 | loss: 0.29154069648622705- Training Acc: 88.42444444444445 in /users/jay/Lab2/sig_detect_v3/agents/OneDCNN.py:235
[INFO] - 2021-08-25 18:43:11,839 - Agent - : Validation results at epoch-51 | loss: 0.3097377058806693- Accuracy: 85.61 in /users/jay/Lab2/sig_detect_v3/agents/OneDCNN.py:277
[INFO] - 2021-08-25 18:43:38,705 - Agent - : Training at epoch-52 | loss: 0.2875405642671965- Training Acc: 89.83666666666666 in /users/jay/Lab2/sig_detect_v3/agents/OneDCNN.py:235
[INFO] - 2021-08-25 18:46:07,397 - Agent - : Validation results at epoch-52 | loss: 0.29403616345612105- Accuracy: 86.39 in /users/jay/Lab2/sig_detect_v3/agents/OneDCNN.py:277
[INFO] - 2021-08-25 18:46:34,235 - Agent - : Training at epoch-53 | loss: 0.28458483725807393- Training Acc: 91.18666666666667 in /users/jay/Lab2/sig_detect_v3/agents/OneDCNN.py:235
[INFO] - 2021-08-25 18:49:02,844 - Agent - : Validation results at epoch-53 | loss: 0.2811279536052874- Accuracy: 87.94 in /users/jay/Lab2/sig_detect_v3/agents/OneDCNN.py:277
[INFO] - 2021-08-25 18:49:29,675 - Agent - : Training at epoch-54 | loss: 0.2843586549046367- Training Acc: 91.40666666666667 in /users/jay/Lab2/sig_detect_v3/agents/OneDCNN.py:235
[INFO] - 2021-08-25 18:51:58,349 - Agent - : Validation results at epoch-54 | loss: 0.27643409039184547- Accuracy: 87.91 in /users/jay/Lab2/sig_detect_v3/agents/OneDCNN.py:277
[INFO] - 2021-08-25 18:52:25,229 - Agent - : Training at epoch-55 | loss: 0.2806432425721622- Training Acc: 90.03666666666666 in /users/jay/Lab2/sig_detect_v3/agents/OneDCNN.py:235
[INFO] - 2021-08-25 18:54:53,834 - Agent - : Validation results at epoch-55 | loss: 0.3081515839525089- Accuracy: 87.11 in /users/jay/Lab2/sig_detect_v3/agents/OneDCNN.py:277
[INFO] - 2021-08-25 18:55:20,698 - Agent - : Training at epoch-56 | loss: 0.276441257984484- Training Acc: 91.31 in /users/jay/Lab2/sig_detect_v3/agents/OneDCNN.py:235
[INFO] - 2021-08-25 18:57:49,367 - Agent - : Validation results at epoch-56 | loss: 0.274880170537408- Accuracy: 88.23 in /users/jay/Lab2/sig_detect_v3/agents/OneDCNN.py:277
[INFO] - 2021-08-25 18:58:16,211 - Agent - : Training at epoch-57 | loss: 0.27384140473269536- Training Acc: 91.03 in /users/jay/Lab2/sig_detect_v3/agents/OneDCNN.py:235
[INFO] - 2021-08-25 19:00:44,854 - Agent - : Validation results at epoch-57 | loss: 0.27385494597018906- Accuracy: 88.02 in /users/jay/Lab2/sig_detect_v3/agents/OneDCNN.py:277
[INFO] - 2021-08-25 19:01:11,666 - Agent - : Training at epoch-58 | loss: 0.2717892009693422- Training Acc: 91.58111111111111 in /users/jay/Lab2/sig_detect_v3/agents/OneDCNN.py:235
[INFO] - 2021-08-25 19:03:40,294 - Agent - : Validation results at epoch-58 | loss: 0.27415113962569815- Accuracy: 88.5 in /users/jay/Lab2/sig_detect_v3/agents/OneDCNN.py:277
[INFO] - 2021-08-25 19:04:07,293 - Agent - : Training at epoch-59 | loss: 0.2692655431160964- Training Acc: 91.65111111111112 in /users/jay/Lab2/sig_detect_v3/agents/OneDCNN.py:235
[INFO] - 2021-08-25 19:06:35,917 - Agent - : Validation results at epoch-59 | loss: 0.2679479794612356- Accuracy: 88.69 in /users/jay/Lab2/sig_detect_v3/agents/OneDCNN.py:277
[INFO] - 2021-08-25 19:07:02,780 - Agent - : Training at epoch-60 | loss: 0.2694111544991014- Training Acc: 91.57777777777778 in /users/jay/Lab2/sig_detect_v3/agents/OneDCNN.py:235
[INFO] - 2021-08-25 19:09:31,428 - Agent - : Validation results at epoch-60 | loss: 0.26988692002691284- Accuracy: 88.12 in /users/jay/Lab2/sig_detect_v3/agents/OneDCNN.py:277
[INFO] - 2021-08-25 19:09:58,287 - Agent - : Training at epoch-61 | loss: 0.26534033907734933- Training Acc: 91.91777777777777 in /users/jay/Lab2/sig_detect_v3/agents/OneDCNN.py:235
[INFO] - 2021-08-25 19:12:26,966 - Agent - : Validation results at epoch-61 | loss: 0.26973060342916255- Accuracy: 88.58 in /users/jay/Lab2/sig_detect_v3/agents/OneDCNN.py:277
[INFO] - 2021-08-25 19:12:53,793 - Agent - : Training at epoch-62 | loss: 0.2636980195744883- Training Acc: 91.93111111111111 in /users/jay/Lab2/sig_detect_v3/agents/OneDCNN.py:235
[INFO] - 2021-08-25 19:15:22,459 - Agent - : Validation results at epoch-62 | loss: 0.26952703102568915- Accuracy: 88.94 in /users/jay/Lab2/sig_detect_v3/agents/OneDCNN.py:277
[INFO] - 2021-08-25 19:15:49,340 - Agent - : Training at epoch-63 | loss: 0.2632078452362774- Training Acc: 92.05 in /users/jay/Lab2/sig_detect_v3/agents/OneDCNN.py:235
[INFO] - 2021-08-25 19:18:18,025 - Agent - : Validation results at epoch-63 | loss: 0.26688424540553124- Accuracy: 88.94 in /users/jay/Lab2/sig_detect_v3/agents/OneDCNN.py:277
[INFO] - 2021-08-25 19:18:44,893 - Agent - : Training at epoch-64 | loss: 0.2590525691114848- Training Acc: 91.61333333333333 in /users/jay/Lab2/sig_detect_v3/agents/OneDCNN.py:235
[INFO] - 2021-08-25 19:21:13,491 - Agent - : Validation results at epoch-64 | loss: 0.2758494350750735- Accuracy: 88.53999999999999 in /users/jay/Lab2/sig_detect_v3/agents/OneDCNN.py:277
[INFO] - 2021-08-25 19:21:40,332 - Agent - : Training at epoch-65 | loss: 0.2583010472150754- Training Acc: 91.98111111111112 in /users/jay/Lab2/sig_detect_v3/agents/OneDCNN.py:235
[INFO] - 2021-08-25 19:24:08,904 - Agent - : Validation results at epoch-65 | loss: 0.2720128913783723- Accuracy: 88.44 in /users/jay/Lab2/sig_detect_v3/agents/OneDCNN.py:277
[INFO] - 2021-08-25 19:24:35,718 - Agent - : Training at epoch-66 | loss: 0.2576562672927605- Training Acc: 92.56666666666666 in /users/jay/Lab2/sig_detect_v3/agents/OneDCNN.py:235
[INFO] - 2021-08-25 19:27:04,329 - Agent - : Validation results at epoch-66 | loss: 0.25558937317246844- Accuracy: 89.19 in /users/jay/Lab2/sig_detect_v3/agents/OneDCNN.py:277
[INFO] - 2021-08-25 19:27:31,201 - Agent - : Training at epoch-67 | loss: 0.2527852866801287- Training Acc: 92.05222222222223 in /users/jay/Lab2/sig_detect_v3/agents/OneDCNN.py:235
[INFO] - 2021-08-25 19:29:59,775 - Agent - : Validation results at epoch-67 | loss: 0.26934564483773177- Accuracy: 88.89 in /users/jay/Lab2/sig_detect_v3/agents/OneDCNN.py:277
[INFO] - 2021-08-25 19:30:26,644 - Agent - : Training at epoch-68 | loss: 0.2524401124437057- Training Acc: 92.36444444444444 in /users/jay/Lab2/sig_detect_v3/agents/OneDCNN.py:235
[INFO] - 2021-08-25 19:32:55,316 - Agent - : Validation results at epoch-68 | loss: 0.2564858635709544- Accuracy: 88.75 in /users/jay/Lab2/sig_detect_v3/agents/OneDCNN.py:277
[INFO] - 2021-08-25 19:33:22,164 - Agent - : Training at epoch-69 | loss: 0.2512353524597469- Training Acc: 92.41333333333334 in /users/jay/Lab2/sig_detect_v3/agents/OneDCNN.py:235
[INFO] - 2021-08-25 19:35:50,806 - Agent - : Validation results at epoch-69 | loss: 0.26218166045702185- Accuracy: 89.29 in /users/jay/Lab2/sig_detect_v3/agents/OneDCNN.py:277
[INFO] - 2021-08-25 19:36:17,667 - Agent - : Training at epoch-70 | loss: 0.2507201892025266- Training Acc: 92.69222222222223 in /users/jay/Lab2/sig_detect_v3/agents/OneDCNN.py:235
[INFO] - 2021-08-25 19:38:46,396 - Agent - : Validation results at epoch-70 | loss: 0.2537945751931257- Accuracy: 89.28 in /users/jay/Lab2/sig_detect_v3/agents/OneDCNN.py:277
[INFO] - 2021-08-25 19:39:13,277 - Agent - : Training at epoch-71 | loss: 0.2478534119745138- Training Acc: 92.93777777777777 in /users/jay/Lab2/sig_detect_v3/agents/OneDCNN.py:235
[INFO] - 2021-08-25 19:41:41,831 - Agent - : Validation results at epoch-71 | loss: 0.2539287817895792- Accuracy: 89.37 in /users/jay/Lab2/sig_detect_v3/agents/OneDCNN.py:277
[INFO] - 2021-08-25 19:42:08,694 - Agent - : Training at epoch-72 | loss: 0.24737403606936367- Training Acc: 93.08 in /users/jay/Lab2/sig_detect_v3/agents/OneDCNN.py:235
[INFO] - 2021-08-25 19:44:37,281 - Agent - : Validation results at epoch-72 | loss: 0.249468803880321- Accuracy: 89.69 in /users/jay/Lab2/sig_detect_v3/agents/OneDCNN.py:277
[INFO] - 2021-08-25 19:45:04,115 - Agent - : Training at epoch-73 | loss: 0.24630635920660499- Training Acc: 92.97777777777779 in /users/jay/Lab2/sig_detect_v3/agents/OneDCNN.py:235
[INFO] - 2021-08-25 19:47:32,653 - Agent - : Validation results at epoch-73 | loss: 0.25121591828621115- Accuracy: 89.42 in /users/jay/Lab2/sig_detect_v3/agents/OneDCNN.py:277
[INFO] - 2021-08-25 19:47:59,491 - Agent - : Training at epoch-74 | loss: 0.24383067169147937- Training Acc: 92.97 in /users/jay/Lab2/sig_detect_v3/agents/OneDCNN.py:235
[INFO] - 2021-08-25 19:50:28,059 - Agent - : Validation results at epoch-74 | loss: 0.2497860899871322- Accuracy: 89.31 in /users/jay/Lab2/sig_detect_v3/agents/OneDCNN.py:277
[INFO] - 2021-08-25 19:50:54,922 - Agent - : Training at epoch-75 | loss: 0.24564059210018477- Training Acc: 93.08111111111111 in /users/jay/Lab2/sig_detect_v3/agents/OneDCNN.py:235
[INFO] - 2021-08-25 19:53:23,410 - Agent - : Validation results at epoch-75 | loss: 0.2476905048083348- Accuracy: 89.60000000000001 in /users/jay/Lab2/sig_detect_v3/agents/OneDCNN.py:277
[INFO] - 2021-08-25 19:53:50,264 - Agent - : Training at epoch-76 | loss: 0.2439381692190499- Training Acc: 92.86666666666666 in /users/jay/Lab2/sig_detect_v3/agents/OneDCNN.py:235
[INFO] - 2021-08-25 19:56:18,811 - Agent - : Validation results at epoch-76 | loss: 0.2523987915865175- Accuracy: 89.17 in /users/jay/Lab2/sig_detect_v3/agents/OneDCNN.py:277
[INFO] - 2021-08-25 19:56:45,632 - Agent - : Training at epoch-77 | loss: 0.24264684408458312- Training Acc: 93.16444444444446 in /users/jay/Lab2/sig_detect_v3/agents/OneDCNN.py:235
[INFO] - 2021-08-25 19:59:14,125 - Agent - : Validation results at epoch-77 | loss: 0.24999922831916505- Accuracy: 89.64 in /users/jay/Lab2/sig_detect_v3/agents/OneDCNN.py:277
[INFO] - 2021-08-25 19:59:41,001 - Agent - : Training at epoch-78 | loss: 0.24084992221190563- Training Acc: 93.05222222222223 in /users/jay/Lab2/sig_detect_v3/agents/OneDCNN.py:235
[INFO] - 2021-08-25 20:02:09,581 - Agent - : Validation results at epoch-78 | loss: 0.24902627470007369- Accuracy: 89.32 in /users/jay/Lab2/sig_detect_v3/agents/OneDCNN.py:277
[INFO] - 2021-08-25 20:02:36,441 - Agent - : Training at epoch-79 | loss: 0.24054409262764598- Training Acc: 92.86555555555556 in /users/jay/Lab2/sig_detect_v3/agents/OneDCNN.py:235
[INFO] - 2021-08-25 20:05:04,957 - Agent - : Validation results at epoch-79 | loss: 0.2567780627186891- Accuracy: 89.42999999999999 in /users/jay/Lab2/sig_detect_v3/agents/OneDCNN.py:277
[INFO] - 2021-08-25 20:05:31,810 - Agent - : Training at epoch-80 | loss: 0.23852034550168114- Training Acc: 92.76444444444445 in /users/jay/Lab2/sig_detect_v3/agents/OneDCNN.py:235
[INFO] - 2021-08-25 20:08:00,436 - Agent - : Validation results at epoch-80 | loss: 0.2588262460224188- Accuracy: 89.14999999999999 in /users/jay/Lab2/sig_detect_v3/agents/OneDCNN.py:277
[INFO] - 2021-08-25 20:08:27,268 - Agent - : Training at epoch-81 | loss: 0.23892983828102687- Training Acc: 93.2688888888889 in /users/jay/Lab2/sig_detect_v3/agents/OneDCNN.py:235
[INFO] - 2021-08-25 20:10:55,783 - Agent - : Validation results at epoch-81 | loss: 0.24868820479531198- Accuracy: 89.89 in /users/jay/Lab2/sig_detect_v3/agents/OneDCNN.py:277
[INFO] - 2021-08-25 20:11:22,649 - Agent - : Training at epoch-82 | loss: 0.23913754066339857- Training Acc: 93.2911111111111 in /users/jay/Lab2/sig_detect_v3/agents/OneDCNN.py:235
[INFO] - 2021-08-25 20:13:51,143 - Agent - : Validation results at epoch-82 | loss: 0.24788136671113362- Accuracy: 89.72 in /users/jay/Lab2/sig_detect_v3/agents/OneDCNN.py:277
[INFO] - 2021-08-25 20:14:17,999 - Agent - : Training at epoch-83 | loss: 0.23691104541518795- Training Acc: 93.33888888888889 in /users/jay/Lab2/sig_detect_v3/agents/OneDCNN.py:235
[INFO] - 2021-08-25 20:16:46,482 - Agent - : Validation results at epoch-83 | loss: 0.2487999239260224- Accuracy: 89.75999999999999 in /users/jay/Lab2/sig_detect_v3/agents/OneDCNN.py:277
[INFO] - 2021-08-25 20:17:13,310 - Agent - : Training at epoch-84 | loss: 0.23803416254063745- Training Acc: 93.32777777777778 in /users/jay/Lab2/sig_detect_v3/agents/OneDCNN.py:235
[INFO] - 2021-08-25 20:19:41,804 - Agent - : Validation results at epoch-84 | loss: 0.24906001747793452- Accuracy: 89.56 in /users/jay/Lab2/sig_detect_v3/agents/OneDCNN.py:277
[INFO] - 2021-08-25 20:20:08,631 - Agent - : Training at epoch-85 | loss: 0.23584734114693173- Training Acc: 93.22111111111111 in /users/jay/Lab2/sig_detect_v3/agents/OneDCNN.py:235
[INFO] - 2021-08-25 20:22:37,120 - Agent - : Validation results at epoch-85 | loss: 0.24852239981198768- Accuracy: 89.69 in /users/jay/Lab2/sig_detect_v3/agents/OneDCNN.py:277
[INFO] - 2021-08-25 20:23:03,988 - Agent - : Training at epoch-86 | loss: 0.2350183212924444- Training Acc: 93.30777777777777 in /users/jay/Lab2/sig_detect_v3/agents/OneDCNN.py:235
[INFO] - 2021-08-25 20:25:32,482 - Agent - : Validation results at epoch-86 | loss: 0.2487428057345615- Accuracy: 89.68 in /users/jay/Lab2/sig_detect_v3/agents/OneDCNN.py:277
[INFO] - 2021-08-25 20:25:59,327 - Agent - : Training at epoch-87 | loss: 0.23456808275992597- Training Acc: 93.34666666666666 in /users/jay/Lab2/sig_detect_v3/agents/OneDCNN.py:235
[INFO] - 2021-08-25 20:28:27,761 - Agent - : Validation results at epoch-87 | loss: 0.24628477439189414- Accuracy: 89.94 in /users/jay/Lab2/sig_detect_v3/agents/OneDCNN.py:277
[INFO] - 2021-08-25 20:28:54,578 - Agent - : Training at epoch-88 | loss: 0.23424903166764327- Training Acc: 93.08555555555556 in /users/jay/Lab2/sig_detect_v3/agents/OneDCNN.py:235
[INFO] - 2021-08-25 20:31:23,051 - Agent - : Validation results at epoch-88 | loss: 0.2519427292096387- Accuracy: 89.60000000000001 in /users/jay/Lab2/sig_detect_v3/agents/OneDCNN.py:277
[INFO] - 2021-08-25 20:31:49,922 - Agent - : Training at epoch-89 | loss: 0.23300541792787724- Training Acc: 93.55222222222223 in /users/jay/Lab2/sig_detect_v3/agents/OneDCNN.py:235
[INFO] - 2021-08-25 20:34:18,398 - Agent - : Validation results at epoch-89 | loss: 0.2418004551510902- Accuracy: 89.77000000000001 in /users/jay/Lab2/sig_detect_v3/agents/OneDCNN.py:277
[INFO] - 2021-08-25 20:34:45,269 - Agent - : Training at epoch-90 | loss: 0.2355928489489596- Training Acc: 93.23222222222223 in /users/jay/Lab2/sig_detect_v3/agents/OneDCNN.py:235
[INFO] - 2021-08-25 20:37:13,741 - Agent - : Validation results at epoch-90 | loss: 0.24898284241841856- Accuracy: 89.73 in /users/jay/Lab2/sig_detect_v3/agents/OneDCNN.py:277
[INFO] - 2021-08-25 20:37:40,575 - Agent - : Training at epoch-91 | loss: 0.23421547334712706- Training Acc: 93.71888888888888 in /users/jay/Lab2/sig_detect_v3/agents/OneDCNN.py:235
[INFO] - 2021-08-25 20:40:09,003 - Agent - : Validation results at epoch-91 | loss: 0.24105293735577044- Accuracy: 90.03999999999999 in /users/jay/Lab2/sig_detect_v3/agents/OneDCNN.py:277
[INFO] - 2021-08-25 20:40:35,828 - Agent - : Training at epoch-92 | loss: 0.23397670358991318- Training Acc: 93.56222222222222 in /users/jay/Lab2/sig_detect_v3/agents/OneDCNN.py:235
[INFO] - 2021-08-25 20:43:04,405 - Agent - : Validation results at epoch-92 | loss: 0.24283927565167665- Accuracy: 89.92999999999999 in /users/jay/Lab2/sig_detect_v3/agents/OneDCNN.py:277
[INFO] - 2021-08-25 20:43:31,278 - Agent - : Training at epoch-93 | loss: 0.23386129423414637- Training Acc: 93.19333333333333 in /users/jay/Lab2/sig_detect_v3/agents/OneDCNN.py:235
[INFO] - 2021-08-25 20:45:59,788 - Agent - : Validation results at epoch-93 | loss: 0.24929605111195025- Accuracy: 89.58 in /users/jay/Lab2/sig_detect_v3/agents/OneDCNN.py:277
[INFO] - 2021-08-25 20:46:26,647 - Agent - : Training at epoch-94 | loss: 0.23266078396180714- Training Acc: 93.38444444444445 in /users/jay/Lab2/sig_detect_v3/agents/OneDCNN.py:235
[INFO] - 2021-08-25 20:48:55,163 - Agent - : Validation results at epoch-94 | loss: 0.24649474874233743- Accuracy: 89.83 in /users/jay/Lab2/sig_detect_v3/agents/OneDCNN.py:277
[INFO] - 2021-08-25 20:49:21,999 - Agent - : Training at epoch-95 | loss: 0.2334587390150004- Training Acc: 93.64888888888889 in /users/jay/Lab2/sig_detect_v3/agents/OneDCNN.py:235
[INFO] - 2021-08-25 20:51:50,565 - Agent - : Validation results at epoch-95 | loss: 0.24250692798263707- Accuracy: 89.92 in /users/jay/Lab2/sig_detect_v3/agents/OneDCNN.py:277
[INFO] - 2021-08-25 20:52:17,387 - Agent - : Training at epoch-96 | loss: 0.23361651634886152- Training Acc: 93.50888888888889 in /users/jay/Lab2/sig_detect_v3/agents/OneDCNN.py:235
[INFO] - 2021-08-25 20:54:45,929 - Agent - : Validation results at epoch-96 | loss: 0.24204401078687351- Accuracy: 90.14 in /users/jay/Lab2/sig_detect_v3/agents/OneDCNN.py:277
[INFO] - 2021-08-25 20:55:12,798 - Agent - : Training at epoch-97 | loss: 0.23337624818827976- Training Acc: 93.44 in /users/jay/Lab2/sig_detect_v3/agents/OneDCNN.py:235
[INFO] - 2021-08-25 20:57:41,336 - Agent - : Validation results at epoch-97 | loss: 0.244186203048867- Accuracy: 89.9 in /users/jay/Lab2/sig_detect_v3/agents/OneDCNN.py:277
[INFO] - 2021-08-25 20:58:08,176 - Agent - : Training at epoch-98 | loss: 0.23461624778219378- Training Acc: 93.48666666666666 in /users/jay/Lab2/sig_detect_v3/agents/OneDCNN.py:235
[INFO] - 2021-08-25 21:00:36,676 - Agent - : Validation results at epoch-98 | loss: 0.24327487844950074- Accuracy: 89.95 in /users/jay/Lab2/sig_detect_v3/agents/OneDCNN.py:277
[INFO] - 2021-08-25 21:01:03,492 - Agent - : Training at epoch-99 | loss: 0.23350637345743586- Training Acc: 93.63777777777777 in /users/jay/Lab2/sig_detect_v3/agents/OneDCNN.py:235
[INFO] - 2021-08-25 21:03:31,974 - Agent - : Validation results at epoch-99 | loss: 0.24119385051879155- Accuracy: 90.16 in /users/jay/Lab2/sig_detect_v3/agents/OneDCNN.py:277
[INFO] - 2021-08-25 21:03:32,006 - Agent - : Please wait while finalizing the operation.. Thank you in /users/jay/Lab2/sig_detect_v3/agents/OneDCNN.py:526
[WARNING] - 2021-08-25 21:03:32,054 - matplotlib.legend - : No handles with labels found to put in legend. in /users/jay/.conda/envs/pytorch/lib/python3.7/site-packages/matplotlib/legend.py:1193
[INFO] - 2021-08-25 21:06:01,353 - Agent - : Testing at epoch-99 | loss: 0.2340828512504602- Testing Acc: 93.63777777777777 in /users/jay/Lab2/sig_detect_v3/agents/OneDCNN.py:342
[WARNING] - 2021-08-25 21:06:10,574 - matplotlib.backends.backend_ps - : The PostScript backend does not support transparency; partially transparent artists will be rendered opaque. in /users/jay/.conda/envs/pytorch/lib/python3.7/site-packages/matplotlib/backends/backend_ps.py:735
[WARNING] - 2021-08-25 21:06:10,575 - matplotlib.backends.backend_ps - : The PostScript backend does not support transparency; partially transparent artists will be rendered opaque. in /users/jay/.conda/envs/pytorch/lib/python3.7/site-packages/matplotlib/backends/backend_ps.py:735
[WARNING] - 2021-08-25 21:06:10,647 - matplotlib.backends.backend_ps - : The PostScript backend does not support transparency; partially transparent artists will be rendered opaque. in /users/jay/.conda/envs/pytorch/lib/python3.7/site-packages/matplotlib/backends/backend_ps.py:735
[WARNING] - 2021-08-25 21:06:10,647 - matplotlib.backends.backend_ps - : The PostScript backend does not support transparency; partially transparent artists will be rendered opaque. in /users/jay/.conda/envs/pytorch/lib/python3.7/site-packages/matplotlib/backends/backend_ps.py:735
[WARNING] - 2021-08-25 21:06:10,718 - matplotlib.backends.backend_ps - : The PostScript backend does not support transparency; partially transparent artists will be rendered opaque. in /users/jay/.conda/envs/pytorch/lib/python3.7/site-packages/matplotlib/backends/backend_ps.py:735
[WARNING] - 2021-08-25 21:06:10,718 - matplotlib.backends.backend_ps - : The PostScript backend does not support transparency; partially transparent artists will be rendered opaque. in /users/jay/.conda/envs/pytorch/lib/python3.7/site-packages/matplotlib/backends/backend_ps.py:735
[WARNING] - 2021-08-25 21:06:10,789 - matplotlib.backends.backend_ps - : The PostScript backend does not support transparency; partially transparent artists will be rendered opaque. in /users/jay/.conda/envs/pytorch/lib/python3.7/site-packages/matplotlib/backends/backend_ps.py:735
[WARNING] - 2021-08-25 21:06:10,790 - matplotlib.backends.backend_ps - : The PostScript backend does not support transparency; partially transparent artists will be rendered opaque. in /users/jay/.conda/envs/pytorch/lib/python3.7/site-packages/matplotlib/backends/backend_ps.py:735
[WARNING] - 2021-08-25 21:06:10,860 - matplotlib.backends.backend_ps - : The PostScript backend does not support transparency; partially transparent artists will be rendered opaque. in /users/jay/.conda/envs/pytorch/lib/python3.7/site-packages/matplotlib/backends/backend_ps.py:735
[WARNING] - 2021-08-25 21:06:10,860 - matplotlib.backends.backend_ps - : The PostScript backend does not support transparency; partially transparent artists will be rendered opaque. in /users/jay/.conda/envs/pytorch/lib/python3.7/site-packages/matplotlib/backends/backend_ps.py:735
[WARNING] - 2021-08-25 21:06:10,983 - matplotlib.backends.backend_ps - : The PostScript backend does not support transparency; partially transparent artists will be rendered opaque. in /users/jay/.conda/envs/pytorch/lib/python3.7/site-packages/matplotlib/backends/backend_ps.py:735
[WARNING] - 2021-08-25 21:06:10,983 - matplotlib.backends.backend_ps - : The PostScript backend does not support transparency; partially transparent artists will be rendered opaque. in /users/jay/.conda/envs/pytorch/lib/python3.7/site-packages/matplotlib/backends/backend_ps.py:735
